2026-05-27 13:37:59 startup archives install
2026-05-27 13:37:59 install base-passwd:amd64 <none> 3.6.3build1
2026-05-27 13:37:59 status half-installed base-passwd:amd64 3.6.3build1
2026-05-27 13:37:59 status unpacked base-passwd:amd64 3.6.3build1
2026-05-27 13:37:59 configure base-passwd:amd64 3.6.3build1 3.6.3build1
2026-05-27 13:37:59 status half-configured base-passwd:amd64 3.6.3build1
2026-05-27 13:37:59 status installed base-passwd:amd64 3.6.3build1
2026-05-27 13:37:59 startup archives install
2026-05-27 13:37:59 install base-files:amd64 <none> 13ubuntu10
2026-05-27 13:37:59 status half-installed base-files:amd64 13ubuntu10
2026-05-27 13:37:59 status unpacked base-files:amd64 13ubuntu10
2026-05-27 13:37:59 configure base-files:amd64 13ubuntu10 13ubuntu10
2026-05-27 13:37:59 status half-configured base-files:amd64 13ubuntu10
2026-05-27 13:37:59 status installed base-files:amd64 13ubuntu10
2026-05-27 13:37:59 startup archives install
2026-05-27 13:37:59 upgrade dpkg 1.22.6ubuntu6 1.22.6ubuntu6
2026-05-27 13:37:59 status half-configured dpkg 1.22.6ubuntu6
2026-05-27 13:37:59 status unpacked dpkg 1.22.6ubuntu6
2026-05-27 13:37:59 status half-installed dpkg 1.22.6ubuntu6
2026-05-27 13:38:00 status unpacked dpkg:amd64 1.22.6ubuntu6
2026-05-27 13:38:00 configure dpkg:amd64 1.22.6ubuntu6 1.22.6ubuntu6
2026-05-27 13:38:00 status half-configured dpkg:amd64 1.22.6ubuntu6
2026-05-27 13:38:00 status installed dpkg:amd64 1.22.6ubuntu6
2026-05-27 13:38:00 startup archives install
2026-05-27 13:38:00 install libc6:amd64 <none> 2.39-0ubuntu8
2026-05-27 13:38:00 status half-installed libc6:amd64 2.39-0ubuntu8
2026-05-27 13:38:00 status unpacked libc6:amd64 2.39-0ubuntu8
2026-05-27 13:38:00 configure libc6:amd64 2.39-0ubuntu8 2.39-0ubuntu8
2026-05-27 13:38:00 status half-configured libc6:amd64 2.39-0ubuntu8
2026-05-27 13:38:00 status installed libc6:amd64 2.39-0ubuntu8
2026-05-27 13:38:00 startup archives install
2026-05-27 13:38:00 install perl-base:amd64 <none> 5.38.2-3.2build2
2026-05-27 13:38:00 status half-installed perl-base:amd64 5.38.2-3.2build2
2026-05-27 13:38:00 status unpacked perl-base:amd64 5.38.2-3.2build2
2026-05-27 13:38:00 configure perl-base:amd64 5.38.2-3.2build2 5.38.2-3.2build2
2026-05-27 13:38:00 status half-configured perl-base:amd64 5.38.2-3.2build2
2026-05-27 13:38:00 status installed perl-base:amd64 5.38.2-3.2build2
2026-05-27 13:38:00 startup archives install
2026-05-27 13:38:00 install mawk:amd64 <none> 1.3.4.20240123-1build1
2026-05-27 13:38:00 status half-installed mawk:amd64 1.3.4.20240123-1build1
2026-05-27 13:38:00 status unpacked mawk:amd64 1.3.4.20240123-1build1
2026-05-27 13:38:00 configure mawk:amd64 1.3.4.20240123-1build1 1.3.4.20240123-1build1
2026-05-27 13:38:00 status half-configured mawk:amd64 1.3.4.20240123-1build1
2026-05-27 13:38:00 status installed mawk:amd64 1.3.4.20240123-1build1
2026-05-27 13:38:00 startup archives unpack
2026-05-27 13:38:00 upgrade base-files:amd64 13ubuntu10 13ubuntu10
2026-05-27 13:38:00 status half-configured base-files:amd64 13ubuntu10
2026-05-27 13:38:00 status unpacked base-files:amd64 13ubuntu10
2026-05-27 13:38:00 status half-installed base-files:amd64 13ubuntu10
2026-05-27 13:38:01 status unpacked base-files:amd64 13ubuntu10
2026-05-27 13:38:01 upgrade base-passwd:amd64 3.6.3build1 3.6.3build1
2026-05-27 13:38:01 status half-configured base-passwd:amd64 3.6.3build1
2026-05-27 13:38:01 status unpacked base-passwd:amd64 3.6.3build1
2026-05-27 13:38:01 status half-installed base-passwd:amd64 3.6.3build1
2026-05-27 13:38:01 status unpacked base-passwd:amd64 3.6.3build1
2026-05-27 13:38:01 install bash:amd64 <none> 5.2.21-2ubuntu4
2026-05-27 13:38:01 status half-installed bash:amd64 5.2.21-2ubuntu4
2026-05-27 13:38:01 status unpacked bash:amd64 5.2.21-2ubuntu4
2026-05-27 13:38:01 install bsdutils:amd64 <none> 1:2.39.3-9ubuntu6
2026-05-27 13:38:01 status half-installed bsdutils:amd64 1:2.39.3-9ubuntu6
2026-05-27 13:38:01 status unpacked bsdutils:amd64 1:2.39.3-9ubuntu6
2026-05-27 13:38:01 install coreutils:amd64 <none> 9.4-3ubuntu6
2026-05-27 13:38:01 status half-installed coreutils:amd64 9.4-3ubuntu6
2026-05-27 13:38:01 status unpacked coreutils:amd64 9.4-3ubuntu6
2026-05-27 13:38:01 install dash:amd64 <none> 0.5.12-6ubuntu5
2026-05-27 13:38:01 status half-installed dash:amd64 0.5.12-6ubuntu5
2026-05-27 13:38:01 status unpacked dash:amd64 0.5.12-6ubuntu5
2026-05-27 13:38:01 install debconf:all <none> 1.5.86ubuntu1
2026-05-27 13:38:01 status half-installed debconf:all 1.5.86ubuntu1
2026-05-27 13:38:01 status unpacked debconf:all 1.5.86ubuntu1
2026-05-27 13:38:01 install debianutils:amd64 <none> 5.17build1
2026-05-27 13:38:01 status half-installed debianutils:amd64 5.17build1
2026-05-27 13:38:01 status unpacked debianutils:amd64 5.17build1
2026-05-27 13:38:01 install diffutils:amd64 <none> 1:3.10-1build1
2026-05-27 13:38:01 status half-installed diffutils:amd64 1:3.10-1build1
2026-05-27 13:38:01 status unpacked diffutils:amd64 1:3.10-1build1
2026-05-27 13:38:01 upgrade dpkg:amd64 1.22.6ubuntu6 1.22.6ubuntu6
2026-05-27 13:38:01 status half-configured dpkg:amd64 1.22.6ubuntu6
2026-05-27 13:38:01 status unpacked dpkg:amd64 1.22.6ubuntu6
2026-05-27 13:38:01 status half-installed dpkg:amd64 1.22.6ubuntu6
2026-05-27 13:38:01 status unpacked dpkg:amd64 1.22.6ubuntu6
2026-05-27 13:38:01 install e2fsprogs:amd64 <none> 1.47.0-2.4~exp1ubuntu4
2026-05-27 13:38:01 status half-installed e2fsprogs:amd64 1.47.0-2.4~exp1ubuntu4
2026-05-27 13:38:01 status unpacked e2fsprogs:amd64 1.47.0-2.4~exp1ubuntu4
2026-05-27 13:38:01 install findutils:amd64 <none> 4.9.0-5build1
2026-05-27 13:38:01 status half-installed findutils:amd64 4.9.0-5build1
2026-05-27 13:38:01 status unpacked findutils:amd64 4.9.0-5build1
2026-05-27 13:38:01 install gcc-14-base:amd64 <none> 14-20240412-0ubuntu1
2026-05-27 13:38:01 status half-installed gcc-14-base:amd64 14-20240412-0ubuntu1
2026-05-27 13:38:01 status unpacked gcc-14-base:amd64 14-20240412-0ubuntu1
2026-05-27 13:38:01 install grep:amd64 <none> 3.11-4build1
2026-05-27 13:38:01 status half-installed grep:amd64 3.11-4build1
2026-05-27 13:38:01 status unpacked grep:amd64 3.11-4build1
2026-05-27 13:38:01 install gzip:amd64 <none> 1.12-1ubuntu3
2026-05-27 13:38:01 status half-installed gzip:amd64 1.12-1ubuntu3
2026-05-27 13:38:01 status unpacked gzip:amd64 1.12-1ubuntu3
2026-05-27 13:38:01 install hostname:amd64 <none> 3.23+nmu2ubuntu2
2026-05-27 13:38:01 status half-installed hostname:amd64 3.23+nmu2ubuntu2
2026-05-27 13:38:01 status unpacked hostname:amd64 3.23+nmu2ubuntu2
2026-05-27 13:38:01 install init-system-helpers:all <none> 1.66ubuntu1
2026-05-27 13:38:01 status half-installed init-system-helpers:all 1.66ubuntu1
2026-05-27 13:38:01 status unpacked init-system-helpers:all 1.66ubuntu1
2026-05-27 13:38:01 install libacl1:amd64 <none> 2.3.2-1build1
2026-05-27 13:38:01 status half-installed libacl1:amd64 2.3.2-1build1
2026-05-27 13:38:01 status unpacked libacl1:amd64 2.3.2-1build1
2026-05-27 13:38:01 install libattr1:amd64 <none> 1:2.5.2-1build1
2026-05-27 13:38:01 status half-installed libattr1:amd64 1:2.5.2-1build1
2026-05-27 13:38:01 status unpacked libattr1:amd64 1:2.5.2-1build1
2026-05-27 13:38:01 install libaudit-common:all <none> 1:3.1.2-2.1build1
2026-05-27 13:38:01 status half-installed libaudit-common:all 1:3.1.2-2.1build1
2026-05-27 13:38:01 status unpacked libaudit-common:all 1:3.1.2-2.1build1
2026-05-27 13:38:01 install libaudit1:amd64 <none> 1:3.1.2-2.1build1
2026-05-27 13:38:01 status half-installed libaudit1:amd64 1:3.1.2-2.1build1
2026-05-27 13:38:01 status unpacked libaudit1:amd64 1:3.1.2-2.1build1
2026-05-27 13:38:01 install libblkid1:amd64 <none> 2.39.3-9ubuntu6
2026-05-27 13:38:01 status half-installed libblkid1:amd64 2.39.3-9ubuntu6
2026-05-27 13:38:01 status unpacked libblkid1:amd64 2.39.3-9ubuntu6
2026-05-27 13:38:01 install libbz2-1.0:amd64 <none> 1.0.8-5.1
2026-05-27 13:38:01 status half-installed libbz2-1.0:amd64 1.0.8-5.1
2026-05-27 13:38:01 status unpacked libbz2-1.0:amd64 1.0.8-5.1
2026-05-27 13:38:01 install libc-bin:amd64 <none> 2.39-0ubuntu8
2026-05-27 13:38:01 status half-installed libc-bin:amd64 2.39-0ubuntu8
2026-05-27 13:38:01 status unpacked libc-bin:amd64 2.39-0ubuntu8
2026-05-27 13:38:01 upgrade libc6:amd64 2.39-0ubuntu8 2.39-0ubuntu8
2026-05-27 13:38:01 status half-configured libc6:amd64 2.39-0ubuntu8
2026-05-27 13:38:01 status unpacked libc6:amd64 2.39-0ubuntu8
2026-05-27 13:38:01 status half-installed libc6:amd64 2.39-0ubuntu8
2026-05-27 13:38:02 status unpacked libc6:amd64 2.39-0ubuntu8
2026-05-27 13:38:02 install libcap-ng0:amd64 <none> 0.8.4-2build2
2026-05-27 13:38:02 status half-installed libcap-ng0:amd64 0.8.4-2build2
2026-05-27 13:38:02 status unpacked libcap-ng0:amd64 0.8.4-2build2
2026-05-27 13:38:02 install libcap2:amd64 <none> 1:2.66-5ubuntu2
2026-05-27 13:38:02 status half-installed libcap2:amd64 1:2.66-5ubuntu2
2026-05-27 13:38:02 status unpacked libcap2:amd64 1:2.66-5ubuntu2
2026-05-27 13:38:02 install libcom-err2:amd64 <none> 1.47.0-2.4~exp1ubuntu4
2026-05-27 13:38:02 status half-installed libcom-err2:amd64 1.47.0-2.4~exp1ubuntu4
2026-05-27 13:38:02 status unpacked libcom-err2:amd64 1.47.0-2.4~exp1ubuntu4
2026-05-27 13:38:02 install libcrypt1:amd64 <none> 1:4.4.36-4build1
2026-05-27 13:38:02 status half-installed libcrypt1:amd64 1:4.4.36-4build1
2026-05-27 13:38:02 status unpacked libcrypt1:amd64 1:4.4.36-4build1
2026-05-27 13:38:02 install libdebconfclient0:amd64 <none> 0.271ubuntu3
2026-05-27 13:38:02 status half-installed libdebconfclient0:amd64 0.271ubuntu3
2026-05-27 13:38:02 status unpacked libdebconfclient0:amd64 0.271ubuntu3
2026-05-27 13:38:02 install libext2fs2t64:amd64 <none> 1.47.0-2.4~exp1ubuntu4
2026-05-27 13:38:02 status half-installed libext2fs2t64:amd64 1.47.0-2.4~exp1ubuntu4
2026-05-27 13:38:02 status unpacked libext2fs2t64:amd64 1.47.0-2.4~exp1ubuntu4
2026-05-27 13:38:02 install libgcc-s1:amd64 <none> 14-20240412-0ubuntu1
2026-05-27 13:38:02 status half-installed libgcc-s1:amd64 14-20240412-0ubuntu1
2026-05-27 13:38:02 status unpacked libgcc-s1:amd64 14-20240412-0ubuntu1
2026-05-27 13:38:02 install libgcrypt20:amd64 <none> 1.10.3-2build1
2026-05-27 13:38:02 status half-installed libgcrypt20:amd64 1.10.3-2build1
2026-05-27 13:38:02 status unpacked libgcrypt20:amd64 1.10.3-2build1
2026-05-27 13:38:02 install libgmp10:amd64 <none> 2:6.3.0+dfsg-2ubuntu6
2026-05-27 13:38:02 status half-installed libgmp10:amd64 2:6.3.0+dfsg-2ubuntu6
2026-05-27 13:38:02 status unpacked libgmp10:amd64 2:6.3.0+dfsg-2ubuntu6
2026-05-27 13:38:02 install libgpg-error0:amd64 <none> 1.47-3build2
2026-05-27 13:38:02 status half-installed libgpg-error0:amd64 1.47-3build2
2026-05-27 13:38:02 status unpacked libgpg-error0:amd64 1.47-3build2
2026-05-27 13:38:02 install liblz4-1:amd64 <none> 1.9.4-1build1
2026-05-27 13:38:02 status half-installed liblz4-1:amd64 1.9.4-1build1
2026-05-27 13:38:02 status unpacked liblz4-1:amd64 1.9.4-1build1
2026-05-27 13:38:02 install liblzma5:amd64 <none> 5.6.1+really5.4.5-1
2026-05-27 13:38:02 status half-installed liblzma5:amd64 5.6.1+really5.4.5-1
2026-05-27 13:38:02 status unpacked liblzma5:amd64 5.6.1+really5.4.5-1
2026-05-27 13:38:02 install libmd0:amd64 <none> 1.1.0-2build1
2026-05-27 13:38:02 status half-installed libmd0:amd64 1.1.0-2build1
2026-05-27 13:38:02 status unpacked libmd0:amd64 1.1.0-2build1
2026-05-27 13:38:02 install libmount1:amd64 <none> 2.39.3-9ubuntu6
2026-05-27 13:38:02 status half-installed libmount1:amd64 2.39.3-9ubuntu6
2026-05-27 13:38:02 status unpacked libmount1:amd64 2.39.3-9ubuntu6
2026-05-27 13:38:02 install libncursesw6:amd64 <none> 6.4+20240113-1ubuntu2
2026-05-27 13:38:02 status half-installed libncursesw6:amd64 6.4+20240113-1ubuntu2
2026-05-27 13:38:02 status unpacked libncursesw6:amd64 6.4+20240113-1ubuntu2
2026-05-27 13:38:02 install libpam-modules:amd64 <none> 1.5.3-5ubuntu5
2026-05-27 13:38:02 status half-installed libpam-modules:amd64 1.5.3-5ubuntu5
2026-05-27 13:38:02 status unpacked libpam-modules:amd64 1.5.3-5ubuntu5
2026-05-27 13:38:02 install libpam-modules-bin:amd64 <none> 1.5.3-5ubuntu5
2026-05-27 13:38:02 status half-installed libpam-modules-bin:amd64 1.5.3-5ubuntu5
2026-05-27 13:38:02 status unpacked libpam-modules-bin:amd64 1.5.3-5ubuntu5
2026-05-27 13:38:02 install libpam-runtime:all <none> 1.5.3-5ubuntu5
2026-05-27 13:38:02 status half-installed libpam-runtime:all 1.5.3-5ubuntu5
2026-05-27 13:38:02 status unpacked libpam-runtime:all 1.5.3-5ubuntu5
2026-05-27 13:38:02 install libpam0g:amd64 <none> 1.5.3-5ubuntu5
2026-05-27 13:38:02 status half-installed libpam0g:amd64 1.5.3-5ubuntu5
2026-05-27 13:38:02 status unpacked libpam0g:amd64 1.5.3-5ubuntu5
2026-05-27 13:38:02 install libpcre2-8-0:amd64 <none> 10.42-4ubuntu2
2026-05-27 13:38:02 status half-installed libpcre2-8-0:amd64 10.42-4ubuntu2
2026-05-27 13:38:02 status unpacked libpcre2-8-0:amd64 10.42-4ubuntu2
2026-05-27 13:38:02 install libproc2-0:amd64 <none> 2:4.0.4-4ubuntu3
2026-05-27 13:38:02 status half-installed libproc2-0:amd64 2:4.0.4-4ubuntu3
2026-05-27 13:38:02 status unpacked libproc2-0:amd64 2:4.0.4-4ubuntu3
2026-05-27 13:38:02 install libselinux1:amd64 <none> 3.5-2ubuntu2
2026-05-27 13:38:02 status half-installed libselinux1:amd64 3.5-2ubuntu2
2026-05-27 13:38:02 status unpacked libselinux1:amd64 3.5-2ubuntu2
2026-05-27 13:38:02 install libsemanage-common:all <none> 3.5-1build5
2026-05-27 13:38:02 status half-installed libsemanage-common:all 3.5-1build5
2026-05-27 13:38:02 status unpacked libsemanage-common:all 3.5-1build5
2026-05-27 13:38:02 install libsemanage2:amd64 <none> 3.5-1build5
2026-05-27 13:38:02 status half-installed libsemanage2:amd64 3.5-1build5
2026-05-27 13:38:02 status unpacked libsemanage2:amd64 3.5-1build5
2026-05-27 13:38:02 install libsepol2:amd64 <none> 3.5-2build1
2026-05-27 13:38:02 status half-installed libsepol2:amd64 3.5-2build1
2026-05-27 13:38:02 status unpacked libsepol2:amd64 3.5-2build1
2026-05-27 13:38:02 install libsmartcols1:amd64 <none> 2.39.3-9ubuntu6
2026-05-27 13:38:02 status half-installed libsmartcols1:amd64 2.39.3-9ubuntu6
2026-05-27 13:38:02 status unpacked libsmartcols1:amd64 2.39.3-9ubuntu6
2026-05-27 13:38:02 install libss2:amd64 <none> 1.47.0-2.4~exp1ubuntu4
2026-05-27 13:38:02 status half-installed libss2:amd64 1.47.0-2.4~exp1ubuntu4
2026-05-27 13:38:02 status unpacked libss2:amd64 1.47.0-2.4~exp1ubuntu4
2026-05-27 13:38:02 install libssl3t64:amd64 <none> 3.0.13-0ubuntu3
2026-05-27 13:38:02 status half-installed libssl3t64:amd64 3.0.13-0ubuntu3
2026-05-27 13:38:02 status unpacked libssl3t64:amd64 3.0.13-0ubuntu3
2026-05-27 13:38:02 install libsystemd0:amd64 <none> 255.4-1ubuntu8
2026-05-27 13:38:02 status half-installed libsystemd0:amd64 255.4-1ubuntu8
2026-05-27 13:38:02 status unpacked libsystemd0:amd64 255.4-1ubuntu8
2026-05-27 13:38:02 install libtinfo6:amd64 <none> 6.4+20240113-1ubuntu2
2026-05-27 13:38:02 status half-installed libtinfo6:amd64 6.4+20240113-1ubuntu2
2026-05-27 13:38:02 status unpacked libtinfo6:amd64 6.4+20240113-1ubuntu2
2026-05-27 13:38:02 install libudev1:amd64 <none> 255.4-1ubuntu8
2026-05-27 13:38:02 status half-installed libudev1:amd64 255.4-1ubuntu8
2026-05-27 13:38:02 status unpacked libudev1:amd64 255.4-1ubuntu8
2026-05-27 13:38:03 install libuuid1:amd64 <none> 2.39.3-9ubuntu6
2026-05-27 13:38:03 status half-installed libuuid1:amd64 2.39.3-9ubuntu6
2026-05-27 13:38:03 status unpacked libuuid1:amd64 2.39.3-9ubuntu6
2026-05-27 13:38:03 install libzstd1:amd64 <none> 1.5.5+dfsg2-2build1
2026-05-27 13:38:03 status half-installed libzstd1:amd64 1.5.5+dfsg2-2build1
2026-05-27 13:38:03 status unpacked libzstd1:amd64 1.5.5+dfsg2-2build1
2026-05-27 13:38:03 install login:amd64 <none> 1:4.13+dfsg1-4ubuntu3
2026-05-27 13:38:03 status half-installed login:amd64 1:4.13+dfsg1-4ubuntu3
2026-05-27 13:38:03 status unpacked login:amd64 1:4.13+dfsg1-4ubuntu3
2026-05-27 13:38:03 install logsave:amd64 <none> 1.47.0-2.4~exp1ubuntu4
2026-05-27 13:38:03 status half-installed logsave:amd64 1.47.0-2.4~exp1ubuntu4
2026-05-27 13:38:03 status unpacked logsave:amd64 1.47.0-2.4~exp1ubuntu4
2026-05-27 13:38:03 upgrade mawk:amd64 1.3.4.20240123-1build1 1.3.4.20240123-1build1
2026-05-27 13:38:03 status half-configured mawk:amd64 1.3.4.20240123-1build1
2026-05-27 13:38:03 status unpacked mawk:amd64 1.3.4.20240123-1build1
2026-05-27 13:38:03 status half-installed mawk:amd64 1.3.4.20240123-1build1
2026-05-27 13:38:03 status unpacked mawk:amd64 1.3.4.20240123-1build1
2026-05-27 13:38:03 install mount:amd64 <none> 2.39.3-9ubuntu6
2026-05-27 13:38:03 status half-installed mount:amd64 2.39.3-9ubuntu6
2026-05-27 13:38:03 status unpacked mount:amd64 2.39.3-9ubuntu6
2026-05-27 13:38:03 install ncurses-base:all <none> 6.4+20240113-1ubuntu2
2026-05-27 13:38:03 status half-installed ncurses-base:all 6.4+20240113-1ubuntu2
2026-05-27 13:38:03 status unpacked ncurses-base:all 6.4+20240113-1ubuntu2
2026-05-27 13:38:03 install ncurses-bin:amd64 <none> 6.4+20240113-1ubuntu2
2026-05-27 13:38:03 status half-installed ncurses-bin:amd64 6.4+20240113-1ubuntu2
2026-05-27 13:38:03 status unpacked ncurses-bin:amd64 6.4+20240113-1ubuntu2
2026-05-27 13:38:03 install passwd:amd64 <none> 1:4.13+dfsg1-4ubuntu3
2026-05-27 13:38:03 status half-installed passwd:amd64 1:4.13+dfsg1-4ubuntu3
2026-05-27 13:38:03 status unpacked passwd:amd64 1:4.13+dfsg1-4ubuntu3
2026-05-27 13:38:03 upgrade perl-base:amd64 5.38.2-3.2build2 5.38.2-3.2build2
2026-05-27 13:38:03 status half-configured perl-base:amd64 5.38.2-3.2build2
2026-05-27 13:38:03 status unpacked perl-base:amd64 5.38.2-3.2build2
2026-05-27 13:38:03 status half-installed perl-base:amd64 5.38.2-3.2build2
2026-05-27 13:38:03 status unpacked perl-base:amd64 5.38.2-3.2build2
2026-05-27 13:38:03 install procps:amd64 <none> 2:4.0.4-4ubuntu3
2026-05-27 13:38:03 status half-installed procps:amd64 2:4.0.4-4ubuntu3
2026-05-27 13:38:03 status unpacked procps:amd64 2:4.0.4-4ubuntu3
2026-05-27 13:38:03 install sed:amd64 <none> 4.9-2build1
2026-05-27 13:38:03 status half-installed sed:amd64 4.9-2build1
2026-05-27 13:38:03 status unpacked sed:amd64 4.9-2build1
2026-05-27 13:38:03 install sensible-utils:all <none> 0.0.22
2026-05-27 13:38:03 status half-installed sensible-utils:all 0.0.22
2026-05-27 13:38:03 status unpacked sensible-utils:all 0.0.22
2026-05-27 13:38:03 install sysvinit-utils:amd64 <none> 3.08-6ubuntu3
2026-05-27 13:38:03 status half-installed sysvinit-utils:amd64 3.08-6ubuntu3
2026-05-27 13:38:03 status unpacked sysvinit-utils:amd64 3.08-6ubuntu3
2026-05-27 13:38:03 install tar:amd64 <none> 1.35+dfsg-3build1
2026-05-27 13:38:03 status half-installed tar:amd64 1.35+dfsg-3build1
2026-05-27 13:38:03 status unpacked tar:amd64 1.35+dfsg-3build1
2026-05-27 13:38:03 install util-linux:amd64 <none> 2.39.3-9ubuntu6
2026-05-27 13:38:03 status half-installed util-linux:amd64 2.39.3-9ubuntu6
2026-05-27 13:38:03 status unpacked util-linux:amd64 2.39.3-9ubuntu6
2026-05-27 13:38:03 install zlib1g:amd64 <none> 1:1.3.dfsg-3.1ubuntu2
2026-05-27 13:38:03 status half-installed zlib1g:amd64 1:1.3.dfsg-3.1ubuntu2
2026-05-27 13:38:03 status unpacked zlib1g:amd64 1:1.3.dfsg-3.1ubuntu2
2026-05-27 13:38:03 startup packages configure
2026-05-27 13:38:03 configure gcc-14-base:amd64 14-20240412-0ubuntu1 <none>
2026-05-27 13:38:03 status unpacked gcc-14-base:amd64 14-20240412-0ubuntu1
2026-05-27 13:38:03 status half-configured gcc-14-base:amd64 14-20240412-0ubuntu1
2026-05-27 13:38:03 status installed gcc-14-base:amd64 14-20240412-0ubuntu1
2026-05-27 13:38:03 configure libaudit-common:all 1:3.1.2-2.1build1 <none>
2026-05-27 13:38:03 status unpacked libaudit-common:all 1:3.1.2-2.1build1
2026-05-27 13:38:03 status half-configured libaudit-common:all 1:3.1.2-2.1build1
2026-05-27 13:38:03 status installed libaudit-common:all 1:3.1.2-2.1build1
2026-05-27 13:38:03 configure libsemanage-common:all 3.5-1build5 <none>
2026-05-27 13:38:03 status unpacked libsemanage-common:all 3.5-1build5
2026-05-27 13:38:03 status half-configured libsemanage-common:all 3.5-1build5
2026-05-27 13:38:03 status installed libsemanage-common:all 3.5-1build5
2026-05-27 13:38:03 configure debconf:all 1.5.86ubuntu1 <none>
2026-05-27 13:38:03 status unpacked debconf:all 1.5.86ubuntu1
2026-05-27 13:38:03 status half-configured debconf:all 1.5.86ubuntu1
2026-05-27 13:38:03 status installed debconf:all 1.5.86ubuntu1
2026-05-27 13:38:03 configure ncurses-base:all 6.4+20240113-1ubuntu2 <none>
2026-05-27 13:38:03 status unpacked ncurses-base:all 6.4+20240113-1ubuntu2
2026-05-27 13:38:03 status half-configured ncurses-base:all 6.4+20240113-1ubuntu2
2026-05-27 13:38:03 status installed ncurses-base:all 6.4+20240113-1ubuntu2
2026-05-27 13:38:03 configure init-system-helpers:all 1.66ubuntu1 <none>
2026-05-27 13:38:03 status unpacked init-system-helpers:all 1.66ubuntu1
2026-05-27 13:38:03 status half-configured init-system-helpers:all 1.66ubuntu1
2026-05-27 13:38:03 status installed init-system-helpers:all 1.66ubuntu1
2026-05-27 13:38:03 configure sensible-utils:all 0.0.22 <none>
2026-05-27 13:38:03 status unpacked sensible-utils:all 0.0.22
2026-05-27 13:38:03 status half-configured sensible-utils:all 0.0.22
2026-05-27 13:38:03 status installed sensible-utils:all 0.0.22
2026-05-27 13:38:03 configure libgcc-s1:amd64 14-20240412-0ubuntu1 <none>
2026-05-27 13:38:03 status unpacked libgcc-s1:amd64 14-20240412-0ubuntu1
2026-05-27 13:38:03 status half-configured libgcc-s1:amd64 14-20240412-0ubuntu1
2026-05-27 13:38:03 status installed libgcc-s1:amd64 14-20240412-0ubuntu1
2026-05-27 13:38:03 configure libc6:amd64 2.39-0ubuntu8 <none>
2026-05-27 13:38:03 status unpacked libc6:amd64 2.39-0ubuntu8
2026-05-27 13:38:03 status half-configured libc6:amd64 2.39-0ubuntu8
2026-05-27 13:38:03 status installed libc6:amd64 2.39-0ubuntu8
2026-05-27 13:38:03 configure libmd0:amd64 1.1.0-2build1 <none>
2026-05-27 13:38:03 status unpacked libmd0:amd64 1.1.0-2build1
2026-05-27 13:38:03 status half-configured libmd0:amd64 1.1.0-2build1
2026-05-27 13:38:03 status installed libmd0:amd64 1.1.0-2build1
2026-05-27 13:38:03 configure libattr1:amd64 1:2.5.2-1build1 <none>
2026-05-27 13:38:03 status unpacked libattr1:amd64 1:2.5.2-1build1
2026-05-27 13:38:03 status half-configured libattr1:amd64 1:2.5.2-1build1
2026-05-27 13:38:03 status installed libattr1:amd64 1:2.5.2-1build1
2026-05-27 13:38:03 configure sysvinit-utils:amd64 3.08-6ubuntu3 <none>
2026-05-27 13:38:03 status unpacked sysvinit-utils:amd64 3.08-6ubuntu3
2026-05-27 13:38:03 status half-configured sysvinit-utils:amd64 3.08-6ubuntu3
2026-05-27 13:38:03 status installed sysvinit-utils:amd64 3.08-6ubuntu3
2026-05-27 13:38:03 configure libext2fs2t64:amd64 1.47.0-2.4~exp1ubuntu4 <none>
2026-05-27 13:38:03 status unpacked libext2fs2t64:amd64 1.47.0-2.4~exp1ubuntu4
2026-05-27 13:38:03 status half-configured libext2fs2t64:amd64 1.47.0-2.4~exp1ubuntu4
2026-05-27 13:38:03 status installed libext2fs2t64:amd64 1.47.0-2.4~exp1ubuntu4
2026-05-27 13:38:03 configure debianutils:amd64 5.17build1 <none>
2026-05-27 13:38:03 status unpacked debianutils:amd64 5.17build1
2026-05-27 13:38:03 status half-configured debianutils:amd64 5.17build1
2026-05-27 13:38:04 status installed debianutils:amd64 5.17build1
2026-05-27 13:38:04 configure mawk:amd64 1.3.4.20240123-1build1 <none>
2026-05-27 13:38:04 status unpacked mawk:amd64 1.3.4.20240123-1build1
2026-05-27 13:38:04 status half-configured mawk:amd64 1.3.4.20240123-1build1
2026-05-27 13:38:04 status installed mawk:amd64 1.3.4.20240123-1build1
2026-05-27 13:38:04 configure libdebconfclient0:amd64 0.271ubuntu3 <none>
2026-05-27 13:38:04 status unpacked libdebconfclient0:amd64 0.271ubuntu3
2026-05-27 13:38:04 status half-configured libdebconfclient0:amd64 0.271ubuntu3
2026-05-27 13:38:04 status installed libdebconfclient0:amd64 0.271ubuntu3
2026-05-27 13:38:04 configure libbz2-1.0:amd64 1.0.8-5.1 <none>
2026-05-27 13:38:04 status unpacked libbz2-1.0:amd64 1.0.8-5.1
2026-05-27 13:38:04 status half-configured libbz2-1.0:amd64 1.0.8-5.1
2026-05-27 13:38:04 status installed libbz2-1.0:amd64 1.0.8-5.1
2026-05-27 13:38:04 configure libblkid1:amd64 2.39.3-9ubuntu6 <none>
2026-05-27 13:38:04 status unpacked libblkid1:amd64 2.39.3-9ubuntu6
2026-05-27 13:38:04 status half-configured libblkid1:amd64 2.39.3-9ubuntu6
2026-05-27 13:38:04 status installed libblkid1:amd64 2.39.3-9ubuntu6
2026-05-27 13:38:04 configure libtinfo6:amd64 6.4+20240113-1ubuntu2 <none>
2026-05-27 13:38:04 status unpacked libtinfo6:amd64 6.4+20240113-1ubuntu2
2026-05-27 13:38:04 status half-configured libtinfo6:amd64 6.4+20240113-1ubuntu2
2026-05-27 13:38:04 status installed libtinfo6:amd64 6.4+20240113-1ubuntu2
2026-05-27 13:38:04 configure libzstd1:amd64 1.5.5+dfsg2-2build1 <none>
2026-05-27 13:38:04 status unpacked libzstd1:amd64 1.5.5+dfsg2-2build1
2026-05-27 13:38:04 status half-configured libzstd1:amd64 1.5.5+dfsg2-2build1
2026-05-27 13:38:04 status installed libzstd1:amd64 1.5.5+dfsg2-2build1
2026-05-27 13:38:04 configure liblzma5:amd64 5.6.1+really5.4.5-1 <none>
2026-05-27 13:38:04 status unpacked liblzma5:amd64 5.6.1+really5.4.5-1
2026-05-27 13:38:04 status half-configured liblzma5:amd64 5.6.1+really5.4.5-1
2026-05-27 13:38:04 status installed liblzma5:amd64 5.6.1+really5.4.5-1
2026-05-27 13:38:04 configure libgpg-error0:amd64 1.47-3build2 <none>
2026-05-27 13:38:04 status unpacked libgpg-error0:amd64 1.47-3build2
2026-05-27 13:38:04 status half-configured libgpg-error0:amd64 1.47-3build2
2026-05-27 13:38:04 status installed libgpg-error0:amd64 1.47-3build2
2026-05-27 13:38:04 configure libssl3t64:amd64 3.0.13-0ubuntu3 <none>
2026-05-27 13:38:04 status unpacked libssl3t64:amd64 3.0.13-0ubuntu3
2026-05-27 13:38:04 status half-configured libssl3t64:amd64 3.0.13-0ubuntu3
2026-05-27 13:38:04 status installed libssl3t64:amd64 3.0.13-0ubuntu3
2026-05-27 13:38:04 configure liblz4-1:amd64 1.9.4-1build1 <none>
2026-05-27 13:38:04 status unpacked liblz4-1:amd64 1.9.4-1build1
2026-05-27 13:38:04 status half-configured liblz4-1:amd64 1.9.4-1build1
2026-05-27 13:38:04 status installed liblz4-1:amd64 1.9.4-1build1
2026-05-27 13:38:04 configure libc-bin:amd64 2.39-0ubuntu8 <none>
2026-05-27 13:38:04 status unpacked libc-bin:amd64 2.39-0ubuntu8
2026-05-27 13:38:04 status half-configured libc-bin:amd64 2.39-0ubuntu8
2026-05-27 13:38:04 status installed libc-bin:amd64 2.39-0ubuntu8
2026-05-27 13:38:04 configure ncurses-bin:amd64 6.4+20240113-1ubuntu2 <none>
2026-05-27 13:38:04 status unpacked ncurses-bin:amd64 6.4+20240113-1ubuntu2
2026-05-27 13:38:04 status half-configured ncurses-bin:amd64 6.4+20240113-1ubuntu2
2026-05-27 13:38:04 status installed ncurses-bin:amd64 6.4+20240113-1ubuntu2
2026-05-27 13:38:04 configure libacl1:amd64 2.3.2-1build1 <none>
2026-05-27 13:38:04 status triggers-pending libc-bin:amd64 2.39-0ubuntu8
2026-05-27 13:38:04 status unpacked libacl1:amd64 2.3.2-1build1
2026-05-27 13:38:04 status half-configured libacl1:amd64 2.3.2-1build1
2026-05-27 13:38:04 status installed libacl1:amd64 2.3.2-1build1
2026-05-27 13:38:04 configure libsmartcols1:amd64 2.39.3-9ubuntu6 <none>
2026-05-27 13:38:04 status unpacked libsmartcols1:amd64 2.39.3-9ubuntu6
2026-05-27 13:38:04 status half-configured libsmartcols1:amd64 2.39.3-9ubuntu6
2026-05-27 13:38:04 status installed libsmartcols1:amd64 2.39.3-9ubuntu6
2026-05-27 13:38:04 configure libgcrypt20:amd64 1.10.3-2build1 <none>
2026-05-27 13:38:04 status unpacked libgcrypt20:amd64 1.10.3-2build1
2026-05-27 13:38:04 status half-configured libgcrypt20:amd64 1.10.3-2build1
2026-05-27 13:38:04 status installed libgcrypt20:amd64 1.10.3-2build1
2026-05-27 13:38:04 configure zlib1g:amd64 1:1.3.dfsg-3.1ubuntu2 <none>
2026-05-27 13:38:04 status unpacked zlib1g:amd64 1:1.3.dfsg-3.1ubuntu2
2026-05-27 13:38:04 status half-configured zlib1g:amd64 1:1.3.dfsg-3.1ubuntu2
2026-05-27 13:38:04 status installed zlib1g:amd64 1:1.3.dfsg-3.1ubuntu2
2026-05-27 13:38:04 configure libcrypt1:amd64 1:4.4.36-4build1 <none>
2026-05-27 13:38:04 status unpacked libcrypt1:amd64 1:4.4.36-4build1
2026-05-27 13:38:04 status half-configured libcrypt1:amd64 1:4.4.36-4build1
2026-05-27 13:38:04 status installed libcrypt1:amd64 1:4.4.36-4build1
2026-05-27 13:38:04 configure libcom-err2:amd64 1.47.0-2.4~exp1ubuntu4 <none>
2026-05-27 13:38:04 status unpacked libcom-err2:amd64 1.47.0-2.4~exp1ubuntu4
2026-05-27 13:38:04 status half-configured libcom-err2:amd64 1.47.0-2.4~exp1ubuntu4
2026-05-27 13:38:04 status installed libcom-err2:amd64 1.47.0-2.4~exp1ubuntu4
2026-05-27 13:38:04 configure diffutils:amd64 1:3.10-1build1 <none>
2026-05-27 13:38:04 status unpacked diffutils:amd64 1:3.10-1build1
2026-05-27 13:38:04 status half-configured diffutils:amd64 1:3.10-1build1
2026-05-27 13:38:04 status installed diffutils:amd64 1:3.10-1build1
2026-05-27 13:38:04 configure libcap2:amd64 1:2.66-5ubuntu2 <none>
2026-05-27 13:38:04 status unpacked libcap2:amd64 1:2.66-5ubuntu2
2026-05-27 13:38:04 status half-configured libcap2:amd64 1:2.66-5ubuntu2
2026-05-27 13:38:04 status installed libcap2:amd64 1:2.66-5ubuntu2
2026-05-27 13:38:04 configure hostname:amd64 3.23+nmu2ubuntu2 <none>
2026-05-27 13:38:04 status unpacked hostname:amd64 3.23+nmu2ubuntu2
2026-05-27 13:38:04 status half-configured hostname:amd64 3.23+nmu2ubuntu2
2026-05-27 13:38:04 status installed hostname:amd64 3.23+nmu2ubuntu2
2026-05-27 13:38:04 configure libcap-ng0:amd64 0.8.4-2build2 <none>
2026-05-27 13:38:04 status unpacked libcap-ng0:amd64 0.8.4-2build2
2026-05-27 13:38:04 status half-configured libcap-ng0:amd64 0.8.4-2build2
2026-05-27 13:38:04 status installed libcap-ng0:amd64 0.8.4-2build2
2026-05-27 13:38:04 configure libgmp10:amd64 2:6.3.0+dfsg-2ubuntu6 <none>
2026-05-27 13:38:04 status unpacked libgmp10:amd64 2:6.3.0+dfsg-2ubuntu6
2026-05-27 13:38:04 status half-configured libgmp10:amd64 2:6.3.0+dfsg-2ubuntu6
2026-05-27 13:38:04 status installed libgmp10:amd64 2:6.3.0+dfsg-2ubuntu6
2026-05-27 13:38:04 configure libaudit1:amd64 1:3.1.2-2.1build1 <none>
2026-05-27 13:38:04 status unpacked libaudit1:amd64 1:3.1.2-2.1build1
2026-05-27 13:38:04 status half-configured libaudit1:amd64 1:3.1.2-2.1build1
2026-05-27 13:38:04 status installed libaudit1:amd64 1:3.1.2-2.1build1
2026-05-27 13:38:04 configure libuuid1:amd64 2.39.3-9ubuntu6 <none>
2026-05-27 13:38:04 status unpacked libuuid1:amd64 2.39.3-9ubuntu6
2026-05-27 13:38:04 status half-configured libuuid1:amd64 2.39.3-9ubuntu6
2026-05-27 13:38:04 status installed libuuid1:amd64 2.39.3-9ubuntu6
2026-05-27 13:38:04 configure libss2:amd64 1.47.0-2.4~exp1ubuntu4 <none>
2026-05-27 13:38:04 status unpacked libss2:amd64 1.47.0-2.4~exp1ubuntu4
2026-05-27 13:38:04 status half-configured libss2:amd64 1.47.0-2.4~exp1ubuntu4
2026-05-27 13:38:04 status installed libss2:amd64 1.47.0-2.4~exp1ubuntu4
2026-05-27 13:38:04 configure libsepol2:amd64 3.5-2build1 <none>
2026-05-27 13:38:04 status unpacked libsepol2:amd64 3.5-2build1
2026-05-27 13:38:04 status half-configured libsepol2:amd64 3.5-2build1
2026-05-27 13:38:04 status installed libsepol2:amd64 3.5-2build1
2026-05-27 13:38:04 configure libpcre2-8-0:amd64 10.42-4ubuntu2 <none>
2026-05-27 13:38:04 status unpacked libpcre2-8-0:amd64 10.42-4ubuntu2
2026-05-27 13:38:04 status half-configured libpcre2-8-0:amd64 10.42-4ubuntu2
2026-05-27 13:38:04 status installed libpcre2-8-0:amd64 10.42-4ubuntu2
2026-05-27 13:38:04 configure libncursesw6:amd64 6.4+20240113-1ubuntu2 <none>
2026-05-27 13:38:04 status unpacked libncursesw6:amd64 6.4+20240113-1ubuntu2
2026-05-27 13:38:04 status half-configured libncursesw6:amd64 6.4+20240113-1ubuntu2
2026-05-27 13:38:04 status installed libncursesw6:amd64 6.4+20240113-1ubuntu2
2026-05-27 13:38:04 configure logsave:amd64 1.47.0-2.4~exp1ubuntu4 <none>
2026-05-27 13:38:04 status unpacked logsave:amd64 1.47.0-2.4~exp1ubuntu4
2026-05-27 13:38:04 status half-configured logsave:amd64 1.47.0-2.4~exp1ubuntu4
2026-05-27 13:38:04 status installed logsave:amd64 1.47.0-2.4~exp1ubuntu4
2026-05-27 13:38:04 configure libudev1:amd64 255.4-1ubuntu8 <none>
2026-05-27 13:38:04 status unpacked libudev1:amd64 255.4-1ubuntu8
2026-05-27 13:38:04 status half-configured libudev1:amd64 255.4-1ubuntu8
2026-05-27 13:38:04 status installed libudev1:amd64 255.4-1ubuntu8
2026-05-27 13:38:04 configure base-files:amd64 13ubuntu10 <none>
2026-05-27 13:38:04 status unpacked base-files:amd64 13ubuntu10
2026-05-27 13:38:04 status half-configured base-files:amd64 13ubuntu10
2026-05-27 13:38:04 status installed base-files:amd64 13ubuntu10
2026-05-27 13:38:04 configure bash:amd64 5.2.21-2ubuntu4 <none>
2026-05-27 13:38:04 status unpacked bash:amd64 5.2.21-2ubuntu4
2026-05-27 13:38:04 status half-configured bash:amd64 5.2.21-2ubuntu4
2026-05-27 13:38:04 status installed bash:amd64 5.2.21-2ubuntu4
2026-05-27 13:38:04 configure grep:amd64 3.11-4build1 <none>
2026-05-27 13:38:04 status unpacked grep:amd64 3.11-4build1
2026-05-27 13:38:04 status half-configured grep:amd64 3.11-4build1
2026-05-27 13:38:04 status installed grep:amd64 3.11-4build1
2026-05-27 13:38:04 configure e2fsprogs:amd64 1.47.0-2.4~exp1ubuntu4 <none>
2026-05-27 13:38:04 status unpacked e2fsprogs:amd64 1.47.0-2.4~exp1ubuntu4
2026-05-27 13:38:04 status half-configured e2fsprogs:amd64 1.47.0-2.4~exp1ubuntu4
2026-05-27 13:38:04 status installed e2fsprogs:amd64 1.47.0-2.4~exp1ubuntu4
2026-05-27 13:38:04 configure libsystemd0:amd64 255.4-1ubuntu8 <none>
2026-05-27 13:38:04 status unpacked libsystemd0:amd64 255.4-1ubuntu8
2026-05-27 13:38:04 status half-configured libsystemd0:amd64 255.4-1ubuntu8
2026-05-27 13:38:04 status installed libsystemd0:amd64 255.4-1ubuntu8
2026-05-27 13:38:04 configure libselinux1:amd64 3.5-2ubuntu2 <none>
2026-05-27 13:38:04 status unpacked libselinux1:amd64 3.5-2ubuntu2
2026-05-27 13:38:04 status half-configured libselinux1:amd64 3.5-2ubuntu2
2026-05-27 13:38:04 status installed libselinux1:amd64 3.5-2ubuntu2
2026-05-27 13:38:04 configure libpam0g:amd64 1.5.3-5ubuntu5 <none>
2026-05-27 13:38:04 status unpacked libpam0g:amd64 1.5.3-5ubuntu5
2026-05-27 13:38:04 status half-configured libpam0g:amd64 1.5.3-5ubuntu5
2026-05-27 13:38:04 status installed libpam0g:amd64 1.5.3-5ubuntu5
2026-05-27 13:38:04 configure sed:amd64 4.9-2build1 <none>
2026-05-27 13:38:04 status unpacked sed:amd64 4.9-2build1
2026-05-27 13:38:04 status half-configured sed:amd64 4.9-2build1
2026-05-27 13:38:04 status installed sed:amd64 4.9-2build1
2026-05-27 13:38:04 configure libproc2-0:amd64 2:4.0.4-4ubuntu3 <none>
2026-05-27 13:38:04 status unpacked libproc2-0:amd64 2:4.0.4-4ubuntu3
2026-05-27 13:38:04 status half-configured libproc2-0:amd64 2:4.0.4-4ubuntu3
2026-05-27 13:38:04 status installed libproc2-0:amd64 2:4.0.4-4ubuntu3
2026-05-27 13:38:04 configure findutils:amd64 4.9.0-5build1 <none>
2026-05-27 13:38:04 status unpacked findutils:amd64 4.9.0-5build1
2026-05-27 13:38:04 status half-configured findutils:amd64 4.9.0-5build1
2026-05-27 13:38:04 status installed findutils:amd64 4.9.0-5build1
2026-05-27 13:38:04 configure libmount1:amd64 2.39.3-9ubuntu6 <none>
2026-05-27 13:38:04 status unpacked libmount1:amd64 2.39.3-9ubuntu6
2026-05-27 13:38:04 status half-configured libmount1:amd64 2.39.3-9ubuntu6
2026-05-27 13:38:04 status installed libmount1:amd64 2.39.3-9ubuntu6
2026-05-27 13:38:04 configure procps:amd64 2:4.0.4-4ubuntu3 <none>
2026-05-27 13:38:04 status unpacked procps:amd64 2:4.0.4-4ubuntu3
2026-05-27 13:38:04 status half-configured procps:amd64 2:4.0.4-4ubuntu3
2026-05-27 13:38:04 status installed procps:amd64 2:4.0.4-4ubuntu3
2026-05-27 13:38:04 configure libsemanage2:amd64 3.5-1build5 <none>
2026-05-27 13:38:04 status unpacked libsemanage2:amd64 3.5-1build5
2026-05-27 13:38:04 status half-configured libsemanage2:amd64 3.5-1build5
2026-05-27 13:38:04 status installed libsemanage2:amd64 3.5-1build5
2026-05-27 13:38:04 configure base-passwd:amd64 3.6.3build1 <none>
2026-05-27 13:38:04 status unpacked base-passwd:amd64 3.6.3build1
2026-05-27 13:38:04 status half-configured base-passwd:amd64 3.6.3build1
2026-05-27 13:38:04 status installed base-passwd:amd64 3.6.3build1
2026-05-27 13:38:04 configure bsdutils:amd64 1:2.39.3-9ubuntu6 <none>
2026-05-27 13:38:04 status unpacked bsdutils:amd64 1:2.39.3-9ubuntu6
2026-05-27 13:38:04 status half-configured bsdutils:amd64 1:2.39.3-9ubuntu6
2026-05-27 13:38:04 status installed bsdutils:amd64 1:2.39.3-9ubuntu6
2026-05-27 13:38:04 configure tar:amd64 1.35+dfsg-3build1 <none>
2026-05-27 13:38:04 status unpacked tar:amd64 1.35+dfsg-3build1
2026-05-27 13:38:04 status half-configured tar:amd64 1.35+dfsg-3build1
2026-05-27 13:38:04 status installed tar:amd64 1.35+dfsg-3build1
2026-05-27 13:38:04 configure libpam-modules-bin:amd64 1.5.3-5ubuntu5 <none>
2026-05-27 13:38:04 status unpacked libpam-modules-bin:amd64 1.5.3-5ubuntu5
2026-05-27 13:38:04 status half-configured libpam-modules-bin:amd64 1.5.3-5ubuntu5
2026-05-27 13:38:04 status installed libpam-modules-bin:amd64 1.5.3-5ubuntu5
2026-05-27 13:38:04 configure coreutils:amd64 9.4-3ubuntu6 <none>
2026-05-27 13:38:04 status unpacked coreutils:amd64 9.4-3ubuntu6
2026-05-27 13:38:04 status half-configured coreutils:amd64 9.4-3ubuntu6
2026-05-27 13:38:04 status installed coreutils:amd64 9.4-3ubuntu6
2026-05-27 13:38:04 configure util-linux:amd64 2.39.3-9ubuntu6 <none>
2026-05-27 13:38:04 status unpacked util-linux:amd64 2.39.3-9ubuntu6
2026-05-27 13:38:04 status half-configured util-linux:amd64 2.39.3-9ubuntu6
2026-05-27 13:38:04 status installed util-linux:amd64 2.39.3-9ubuntu6
2026-05-27 13:38:04 configure dpkg:amd64 1.22.6ubuntu6 <none>
2026-05-27 13:38:04 status unpacked dpkg:amd64 1.22.6ubuntu6
2026-05-27 13:38:04 status half-configured dpkg:amd64 1.22.6ubuntu6
2026-05-27 13:38:05 status installed dpkg:amd64 1.22.6ubuntu6
2026-05-27 13:38:05 configure mount:amd64 2.39.3-9ubuntu6 <none>
2026-05-27 13:38:05 status unpacked mount:amd64 2.39.3-9ubuntu6
2026-05-27 13:38:05 status half-configured mount:amd64 2.39.3-9ubuntu6
2026-05-27 13:38:05 status installed mount:amd64 2.39.3-9ubuntu6
2026-05-27 13:38:05 configure dash:amd64 0.5.12-6ubuntu5 <none>
2026-05-27 13:38:05 status unpacked dash:amd64 0.5.12-6ubuntu5
2026-05-27 13:38:05 status half-configured dash:amd64 0.5.12-6ubuntu5
2026-05-27 13:38:05 status installed dash:amd64 0.5.12-6ubuntu5
2026-05-27 13:38:05 configure libpam-modules:amd64 1.5.3-5ubuntu5 <none>
2026-05-27 13:38:05 status unpacked libpam-modules:amd64 1.5.3-5ubuntu5
2026-05-27 13:38:05 status half-configured libpam-modules:amd64 1.5.3-5ubuntu5
2026-05-27 13:38:05 status installed libpam-modules:amd64 1.5.3-5ubuntu5
2026-05-27 13:38:05 configure perl-base:amd64 5.38.2-3.2build2 <none>
2026-05-27 13:38:05 status unpacked perl-base:amd64 5.38.2-3.2build2
2026-05-27 13:38:05 status half-configured perl-base:amd64 5.38.2-3.2build2
2026-05-27 13:38:05 status installed perl-base:amd64 5.38.2-3.2build2
2026-05-27 13:38:05 configure gzip:amd64 1.12-1ubuntu3 <none>
2026-05-27 13:38:05 status unpacked gzip:amd64 1.12-1ubuntu3
2026-05-27 13:38:05 status half-configured gzip:amd64 1.12-1ubuntu3
2026-05-27 13:38:05 status installed gzip:amd64 1.12-1ubuntu3
2026-05-27 13:38:05 configure passwd:amd64 1:4.13+dfsg1-4ubuntu3 <none>
2026-05-27 13:38:05 status unpacked passwd:amd64 1:4.13+dfsg1-4ubuntu3
2026-05-27 13:38:05 status half-configured passwd:amd64 1:4.13+dfsg1-4ubuntu3
2026-05-27 13:38:05 status installed passwd:amd64 1:4.13+dfsg1-4ubuntu3
2026-05-27 13:38:05 configure libpam-runtime:all 1.5.3-5ubuntu5 <none>
2026-05-27 13:38:05 status unpacked libpam-runtime:all 1.5.3-5ubuntu5
2026-05-27 13:38:05 status half-configured libpam-runtime:all 1.5.3-5ubuntu5
2026-05-27 13:38:05 status installed libpam-runtime:all 1.5.3-5ubuntu5
2026-05-27 13:38:05 configure login:amd64 1:4.13+dfsg1-4ubuntu3 <none>
2026-05-27 13:38:05 status unpacked login:amd64 1:4.13+dfsg1-4ubuntu3
2026-05-27 13:38:05 status half-configured login:amd64 1:4.13+dfsg1-4ubuntu3
2026-05-27 13:38:05 status installed login:amd64 1:4.13+dfsg1-4ubuntu3
2026-05-27 13:38:05 trigproc libc-bin:amd64 2.39-0ubuntu8 <none>
2026-05-27 13:38:05 status half-configured libc-bin:amd64 2.39-0ubuntu8
2026-05-27 13:38:05 status installed libc-bin:amd64 2.39-0ubuntu8
2026-05-27 13:38:05 startup archives unpack
2026-05-27 13:38:05 install apt:amd64 <none> 2.7.14build2
2026-05-27 13:38:05 status triggers-pending libc-bin:amd64 2.39-0ubuntu8
2026-05-27 13:38:05 status half-installed apt:amd64 2.7.14build2
2026-05-27 13:38:05 status unpacked apt:amd64 2.7.14build2
2026-05-27 13:38:05 install gpgv:amd64 <none> 2.4.4-2ubuntu17
2026-05-27 13:38:05 status half-installed gpgv:amd64 2.4.4-2ubuntu17
2026-05-27 13:38:05 status unpacked gpgv:amd64 2.4.4-2ubuntu17
2026-05-27 13:38:05 install libapt-pkg6.0t64:amd64 <none> 2.7.14build2
2026-05-27 13:38:05 status half-installed libapt-pkg6.0t64:amd64 2.7.14build2
2026-05-27 13:38:05 status unpacked libapt-pkg6.0t64:amd64 2.7.14build2
2026-05-27 13:38:05 install libassuan0:amd64 <none> 2.5.6-1build1
2026-05-27 13:38:05 status half-installed libassuan0:amd64 2.5.6-1build1
2026-05-27 13:38:05 status unpacked libassuan0:amd64 2.5.6-1build1
2026-05-27 13:38:05 install libffi8:amd64 <none> 3.4.6-1build1
2026-05-27 13:38:05 status half-installed libffi8:amd64 3.4.6-1build1
2026-05-27 13:38:05 status unpacked libffi8:amd64 3.4.6-1build1
2026-05-27 13:38:05 install libgnutls30t64:amd64 <none> 3.8.3-1.1ubuntu3
2026-05-27 13:38:05 status half-installed libgnutls30t64:amd64 3.8.3-1.1ubuntu3
2026-05-27 13:38:05 status unpacked libgnutls30t64:amd64 3.8.3-1.1ubuntu3
2026-05-27 13:38:05 install libhogweed6t64:amd64 <none> 3.9.1-2.2build1
2026-05-27 13:38:05 status half-installed libhogweed6t64:amd64 3.9.1-2.2build1
2026-05-27 13:38:05 status unpacked libhogweed6t64:amd64 3.9.1-2.2build1
2026-05-27 13:38:05 install libidn2-0:amd64 <none> 2.3.7-2build1
2026-05-27 13:38:05 status half-installed libidn2-0:amd64 2.3.7-2build1
2026-05-27 13:38:05 status unpacked libidn2-0:amd64 2.3.7-2build1
2026-05-27 13:38:05 install libnettle8t64:amd64 <none> 3.9.1-2.2build1
2026-05-27 13:38:05 status half-installed libnettle8t64:amd64 3.9.1-2.2build1
2026-05-27 13:38:05 status unpacked libnettle8t64:amd64 3.9.1-2.2build1
2026-05-27 13:38:05 install libnpth0t64:amd64 <none> 1.6-3.1build1
2026-05-27 13:38:05 status half-installed libnpth0t64:amd64 1.6-3.1build1
2026-05-27 13:38:05 status unpacked libnpth0t64:amd64 1.6-3.1build1
2026-05-27 13:38:05 install libp11-kit0:amd64 <none> 0.25.3-4ubuntu2
2026-05-27 13:38:05 status half-installed libp11-kit0:amd64 0.25.3-4ubuntu2
2026-05-27 13:38:05 status unpacked libp11-kit0:amd64 0.25.3-4ubuntu2
2026-05-27 13:38:05 install libseccomp2:amd64 <none> 2.5.5-1ubuntu3
2026-05-27 13:38:05 status half-installed libseccomp2:amd64 2.5.5-1ubuntu3
2026-05-27 13:38:05 status unpacked libseccomp2:amd64 2.5.5-1ubuntu3
2026-05-27 13:38:05 install libstdc++6:amd64 <none> 14-20240412-0ubuntu1
2026-05-27 13:38:05 status half-installed libstdc++6:amd64 14-20240412-0ubuntu1
2026-05-27 13:38:05 status unpacked libstdc++6:amd64 14-20240412-0ubuntu1
2026-05-27 13:38:05 install libtasn1-6:amd64 <none> 4.19.0-3build1
2026-05-27 13:38:05 status half-installed libtasn1-6:amd64 4.19.0-3build1
2026-05-27 13:38:05 status unpacked libtasn1-6:amd64 4.19.0-3build1
2026-05-27 13:38:05 install libunistring5:amd64 <none> 1.1-2build1
2026-05-27 13:38:05 status half-installed libunistring5:amd64 1.1-2build1
2026-05-27 13:38:06 status unpacked libunistring5:amd64 1.1-2build1
2026-05-27 13:38:06 install libxxhash0:amd64 <none> 0.8.2-2build1
2026-05-27 13:38:06 status half-installed libxxhash0:amd64 0.8.2-2build1
2026-05-27 13:38:06 status unpacked libxxhash0:amd64 0.8.2-2build1
2026-05-27 13:38:06 install ubuntu-keyring:all <none> 2023.11.28.1
2026-05-27 13:38:06 status half-installed ubuntu-keyring:all 2023.11.28.1
2026-05-27 13:38:06 status unpacked ubuntu-keyring:all 2023.11.28.1
2026-05-27 13:38:06 trigproc libc-bin:amd64 2.39-0ubuntu8 <none>
2026-05-27 13:38:06 status half-configured libc-bin:amd64 2.39-0ubuntu8
2026-05-27 13:38:06 status installed libc-bin:amd64 2.39-0ubuntu8
2026-05-27 13:38:06 startup packages configure
2026-05-27 13:38:06 configure libnpth0t64:amd64 1.6-3.1build1 <none>
2026-05-27 13:38:06 status triggers-pending libc-bin:amd64 2.39-0ubuntu8
2026-05-27 13:38:06 status unpacked libnpth0t64:amd64 1.6-3.1build1
2026-05-27 13:38:06 status half-configured libnpth0t64:amd64 1.6-3.1build1
2026-05-27 13:38:06 status installed libnpth0t64:amd64 1.6-3.1build1
2026-05-27 13:38:06 configure libassuan0:amd64 2.5.6-1build1 <none>
2026-05-27 13:38:06 status unpacked libassuan0:amd64 2.5.6-1build1
2026-05-27 13:38:06 status half-configured libassuan0:amd64 2.5.6-1build1
2026-05-27 13:38:06 status installed libassuan0:amd64 2.5.6-1build1
2026-05-27 13:38:06 configure ubuntu-keyring:all 2023.11.28.1 <none>
2026-05-27 13:38:06 status unpacked ubuntu-keyring:all 2023.11.28.1
2026-05-27 13:38:06 status half-configured ubuntu-keyring:all 2023.11.28.1
2026-05-27 13:38:06 status installed ubuntu-keyring:all 2023.11.28.1
2026-05-27 13:38:06 configure libseccomp2:amd64 2.5.5-1ubuntu3 <none>
2026-05-27 13:38:06 status unpacked libseccomp2:amd64 2.5.5-1ubuntu3
2026-05-27 13:38:06 status half-configured libseccomp2:amd64 2.5.5-1ubuntu3
2026-05-27 13:38:06 status installed libseccomp2:amd64 2.5.5-1ubuntu3
2026-05-27 13:38:06 configure libnettle8t64:amd64 3.9.1-2.2build1 <none>
2026-05-27 13:38:06 status unpacked libnettle8t64:amd64 3.9.1-2.2build1
2026-05-27 13:38:06 status half-configured libnettle8t64:amd64 3.9.1-2.2build1
2026-05-27 13:38:06 status installed libnettle8t64:amd64 3.9.1-2.2build1
2026-05-27 13:38:06 configure libunistring5:amd64 1.1-2build1 <none>
2026-05-27 13:38:06 status unpacked libunistring5:amd64 1.1-2build1
2026-05-27 13:38:06 status half-configured libunistring5:amd64 1.1-2build1
2026-05-27 13:38:06 status installed libunistring5:amd64 1.1-2build1
2026-05-27 13:38:06 configure libffi8:amd64 3.4.6-1build1 <none>
2026-05-27 13:38:06 status unpacked libffi8:amd64 3.4.6-1build1
2026-05-27 13:38:06 status half-configured libffi8:amd64 3.4.6-1build1
2026-05-27 13:38:06 status installed libffi8:amd64 3.4.6-1build1
2026-05-27 13:38:06 configure libhogweed6t64:amd64 3.9.1-2.2build1 <none>
2026-05-27 13:38:06 status unpacked libhogweed6t64:amd64 3.9.1-2.2build1
2026-05-27 13:38:06 status half-configured libhogweed6t64:amd64 3.9.1-2.2build1
2026-05-27 13:38:06 status installed libhogweed6t64:amd64 3.9.1-2.2build1
2026-05-27 13:38:06 configure gpgv:amd64 2.4.4-2ubuntu17 <none>
2026-05-27 13:38:06 status unpacked gpgv:amd64 2.4.4-2ubuntu17
2026-05-27 13:38:06 status half-configured gpgv:amd64 2.4.4-2ubuntu17
2026-05-27 13:38:06 status installed gpgv:amd64 2.4.4-2ubuntu17
2026-05-27 13:38:06 configure libxxhash0:amd64 0.8.2-2build1 <none>
2026-05-27 13:38:06 status unpacked libxxhash0:amd64 0.8.2-2build1
2026-05-27 13:38:06 status half-configured libxxhash0:amd64 0.8.2-2build1
2026-05-27 13:38:06 status installed libxxhash0:amd64 0.8.2-2build1
2026-05-27 13:38:06 configure libtasn1-6:amd64 4.19.0-3build1 <none>
2026-05-27 13:38:06 status unpacked libtasn1-6:amd64 4.19.0-3build1
2026-05-27 13:38:06 status half-configured libtasn1-6:amd64 4.19.0-3build1
2026-05-27 13:38:06 status installed libtasn1-6:amd64 4.19.0-3build1
2026-05-27 13:38:06 configure libstdc++6:amd64 14-20240412-0ubuntu1 <none>
2026-05-27 13:38:06 status unpacked libstdc++6:amd64 14-20240412-0ubuntu1
2026-05-27 13:38:06 status half-configured libstdc++6:amd64 14-20240412-0ubuntu1
2026-05-27 13:38:06 status installed libstdc++6:amd64 14-20240412-0ubuntu1
2026-05-27 13:38:06 configure libidn2-0:amd64 2.3.7-2build1 <none>
2026-05-27 13:38:06 status unpacked libidn2-0:amd64 2.3.7-2build1
2026-05-27 13:38:06 status half-configured libidn2-0:amd64 2.3.7-2build1
2026-05-27 13:38:06 status installed libidn2-0:amd64 2.3.7-2build1
2026-05-27 13:38:06 configure libp11-kit0:amd64 0.25.3-4ubuntu2 <none>
2026-05-27 13:38:06 status unpacked libp11-kit0:amd64 0.25.3-4ubuntu2
2026-05-27 13:38:06 status half-configured libp11-kit0:amd64 0.25.3-4ubuntu2
2026-05-27 13:38:06 status installed libp11-kit0:amd64 0.25.3-4ubuntu2
2026-05-27 13:38:06 configure libapt-pkg6.0t64:amd64 2.7.14build2 <none>
2026-05-27 13:38:06 status unpacked libapt-pkg6.0t64:amd64 2.7.14build2
2026-05-27 13:38:06 status half-configured libapt-pkg6.0t64:amd64 2.7.14build2
2026-05-27 13:38:06 status installed libapt-pkg6.0t64:amd64 2.7.14build2
2026-05-27 13:38:06 configure libgnutls30t64:amd64 3.8.3-1.1ubuntu3 <none>
2026-05-27 13:38:06 status unpacked libgnutls30t64:amd64 3.8.3-1.1ubuntu3
2026-05-27 13:38:06 status half-configured libgnutls30t64:amd64 3.8.3-1.1ubuntu3
2026-05-27 13:38:06 status installed libgnutls30t64:amd64 3.8.3-1.1ubuntu3
2026-05-27 13:38:06 configure apt:amd64 2.7.14build2 <none>
2026-05-27 13:38:06 status unpacked apt:amd64 2.7.14build2
2026-05-27 13:38:06 status half-configured apt:amd64 2.7.14build2
2026-05-27 13:38:06 status installed apt:amd64 2.7.14build2
2026-05-27 13:38:06 trigproc libc-bin:amd64 2.39-0ubuntu8 <none>
2026-05-27 13:38:06 status half-configured libc-bin:amd64 2.39-0ubuntu8
2026-05-27 13:38:06 status installed libc-bin:amd64 2.39-0ubuntu8
2026-05-27 13:38:08 startup archives unpack
2026-05-27 13:38:08 install libpython3.12-minimal:amd64 <none> 3.12.3-1
2026-05-27 13:38:08 status half-installed libpython3.12-minimal:amd64 3.12.3-1
2026-05-27 13:38:08 status unpacked libpython3.12-minimal:amd64 3.12.3-1
2026-05-27 13:38:08 install libexpat1:amd64 <none> 2.6.1-2build1
2026-05-27 13:38:08 status triggers-pending libc-bin:amd64 2.39-0ubuntu8
2026-05-27 13:38:08 status half-installed libexpat1:amd64 2.6.1-2build1
2026-05-27 13:38:08 status unpacked libexpat1:amd64 2.6.1-2build1
2026-05-27 13:38:08 install python3.12-minimal:amd64 <none> 3.12.3-1
2026-05-27 13:38:08 status half-installed python3.12-minimal:amd64 3.12.3-1
2026-05-27 13:38:08 status unpacked python3.12-minimal:amd64 3.12.3-1
2026-05-27 13:38:08 startup packages configure
2026-05-27 13:38:08 configure libpython3.12-minimal:amd64 3.12.3-1 <none>
2026-05-27 13:38:08 status unpacked libpython3.12-minimal:amd64 3.12.3-1
2026-05-27 13:38:08 status half-configured libpython3.12-minimal:amd64 3.12.3-1
2026-05-27 13:38:08 status installed libpython3.12-minimal:amd64 3.12.3-1
2026-05-27 13:38:08 configure libexpat1:amd64 2.6.1-2build1 <none>
2026-05-27 13:38:08 status unpacked libexpat1:amd64 2.6.1-2build1
2026-05-27 13:38:08 status half-configured libexpat1:amd64 2.6.1-2build1
2026-05-27 13:38:08 status installed libexpat1:amd64 2.6.1-2build1
2026-05-27 13:38:08 configure python3.12-minimal:amd64 3.12.3-1 <none>
2026-05-27 13:38:08 status unpacked python3.12-minimal:amd64 3.12.3-1
2026-05-27 13:38:08 status half-configured python3.12-minimal:amd64 3.12.3-1
2026-05-27 13:38:09 status installed python3.12-minimal:amd64 3.12.3-1
2026-05-27 13:38:09 startup archives unpack
2026-05-27 13:38:09 install python3-minimal:amd64 <none> 3.12.3-0ubuntu1
2026-05-27 13:38:09 status half-installed python3-minimal:amd64 3.12.3-0ubuntu1
2026-05-27 13:38:09 status unpacked python3-minimal:amd64 3.12.3-0ubuntu1
2026-05-27 13:38:09 install media-types:all <none> 10.1.0
2026-05-27 13:38:09 status half-installed media-types:all 10.1.0
2026-05-27 13:38:09 status unpacked media-types:all 10.1.0
2026-05-27 13:38:09 install netbase:all <none> 6.4
2026-05-27 13:38:09 status half-installed netbase:all 6.4
2026-05-27 13:38:09 status unpacked netbase:all 6.4
2026-05-27 13:38:09 install tzdata:all <none> 2024a-2ubuntu1
2026-05-27 13:38:09 status half-installed tzdata:all 2024a-2ubuntu1
2026-05-27 13:38:09 status unpacked tzdata:all 2024a-2ubuntu1
2026-05-27 13:38:09 install libdb5.3t64:amd64 <none> 5.3.28+dfsg2-7
2026-05-27 13:38:09 status half-installed libdb5.3t64:amd64 5.3.28+dfsg2-7
2026-05-27 13:38:09 status unpacked libdb5.3t64:amd64 5.3.28+dfsg2-7
2026-05-27 13:38:09 install readline-common:all <none> 8.2-4build1
2026-05-27 13:38:09 status half-installed readline-common:all 8.2-4build1
2026-05-27 13:38:09 status unpacked readline-common:all 8.2-4build1
2026-05-27 13:38:09 install libreadline8t64:amd64 <none> 8.2-4build1
2026-05-27 13:38:09 status half-installed libreadline8t64:amd64 8.2-4build1
2026-05-27 13:38:09 status unpacked libreadline8t64:amd64 8.2-4build1
2026-05-27 13:38:09 install libsqlite3-0:amd64 <none> 3.45.1-1ubuntu2
2026-05-27 13:38:09 status half-installed libsqlite3-0:amd64 3.45.1-1ubuntu2
2026-05-27 13:38:09 status unpacked libsqlite3-0:amd64 3.45.1-1ubuntu2
2026-05-27 13:38:09 install libpython3.12-stdlib:amd64 <none> 3.12.3-1
2026-05-27 13:38:09 status half-installed libpython3.12-stdlib:amd64 3.12.3-1
2026-05-27 13:38:09 status unpacked libpython3.12-stdlib:amd64 3.12.3-1
2026-05-27 13:38:09 install python3.12:amd64 <none> 3.12.3-1
2026-05-27 13:38:09 status half-installed python3.12:amd64 3.12.3-1
2026-05-27 13:38:09 status unpacked python3.12:amd64 3.12.3-1
2026-05-27 13:38:09 install libpython3-stdlib:amd64 <none> 3.12.3-0ubuntu1
2026-05-27 13:38:09 status half-installed libpython3-stdlib:amd64 3.12.3-0ubuntu1
2026-05-27 13:38:09 status unpacked libpython3-stdlib:amd64 3.12.3-0ubuntu1
2026-05-27 13:38:09 startup packages configure
2026-05-27 13:38:09 configure python3-minimal:amd64 3.12.3-0ubuntu1 <none>
2026-05-27 13:38:09 status unpacked python3-minimal:amd64 3.12.3-0ubuntu1
2026-05-27 13:38:09 status half-configured python3-minimal:amd64 3.12.3-0ubuntu1
2026-05-27 13:38:09 status installed python3-minimal:amd64 3.12.3-0ubuntu1
2026-05-27 13:38:09 startup archives unpack
2026-05-27 13:38:09 install python3:amd64 <none> 3.12.3-0ubuntu1
2026-05-27 13:38:09 status half-installed python3:amd64 3.12.3-0ubuntu1
2026-05-27 13:38:09 status unpacked python3:amd64 3.12.3-0ubuntu1
2026-05-27 13:38:09 install libapparmor1:amd64 <none> 4.0.0-beta3-0ubuntu3
2026-05-27 13:38:09 status half-installed libapparmor1:amd64 4.0.0-beta3-0ubuntu3
2026-05-27 13:38:09 status unpacked libapparmor1:amd64 4.0.0-beta3-0ubuntu3
2026-05-27 13:38:09 install libargon2-1:amd64 <none> 0~20190702+dfsg-4build1
2026-05-27 13:38:09 status half-installed libargon2-1:amd64 0~20190702+dfsg-4build1
2026-05-27 13:38:09 status unpacked libargon2-1:amd64 0~20190702+dfsg-4build1
2026-05-27 13:38:09 install libdevmapper1.02.1:amd64 <none> 2:1.02.185-3ubuntu3
2026-05-27 13:38:09 status half-installed libdevmapper1.02.1:amd64 2:1.02.185-3ubuntu3
2026-05-27 13:38:09 status unpacked libdevmapper1.02.1:amd64 2:1.02.185-3ubuntu3
2026-05-27 13:38:09 install libjson-c5:amd64 <none> 0.17-1build1
2026-05-27 13:38:09 status half-installed libjson-c5:amd64 0.17-1build1
2026-05-27 13:38:10 status unpacked libjson-c5:amd64 0.17-1build1
2026-05-27 13:38:10 install libcryptsetup12:amd64 <none> 2:2.7.0-1ubuntu4
2026-05-27 13:38:10 status half-installed libcryptsetup12:amd64 2:2.7.0-1ubuntu4
2026-05-27 13:38:10 status unpacked libcryptsetup12:amd64 2:2.7.0-1ubuntu4
2026-05-27 13:38:10 install libfdisk1:amd64 <none> 2.39.3-9ubuntu6
2026-05-27 13:38:10 status half-installed libfdisk1:amd64 2.39.3-9ubuntu6
2026-05-27 13:38:10 status unpacked libfdisk1:amd64 2.39.3-9ubuntu6
2026-05-27 13:38:10 install libkmod2:amd64 <none> 31+20240202-2ubuntu7
2026-05-27 13:38:10 status half-installed libkmod2:amd64 31+20240202-2ubuntu7
2026-05-27 13:38:10 status unpacked libkmod2:amd64 31+20240202-2ubuntu7
2026-05-27 13:38:10 install libsystemd-shared:amd64 <none> 255.4-1ubuntu8
2026-05-27 13:38:10 status half-installed libsystemd-shared:amd64 255.4-1ubuntu8
2026-05-27 13:38:10 status unpacked libsystemd-shared:amd64 255.4-1ubuntu8
2026-05-27 13:38:10 install systemd-dev:all <none> 255.4-1ubuntu8
2026-05-27 13:38:10 status half-installed systemd-dev:all 255.4-1ubuntu8
2026-05-27 13:38:10 status unpacked systemd-dev:all 255.4-1ubuntu8
2026-05-27 13:38:10 install systemd:amd64 <none> 255.4-1ubuntu8
2026-05-27 13:38:10 status half-installed systemd:amd64 255.4-1ubuntu8
2026-05-27 13:38:10 status unpacked systemd:amd64 255.4-1ubuntu8
2026-05-27 13:38:10 startup packages configure
2026-05-27 13:38:10 configure libapparmor1:amd64 4.0.0-beta3-0ubuntu3 <none>
2026-05-27 13:38:10 status unpacked libapparmor1:amd64 4.0.0-beta3-0ubuntu3
2026-05-27 13:38:10 status half-configured libapparmor1:amd64 4.0.0-beta3-0ubuntu3
2026-05-27 13:38:10 status installed libapparmor1:amd64 4.0.0-beta3-0ubuntu3
2026-05-27 13:38:10 configure libargon2-1:amd64 0~20190702+dfsg-4build1 <none>
2026-05-27 13:38:10 status unpacked libargon2-1:amd64 0~20190702+dfsg-4build1
2026-05-27 13:38:10 status half-configured libargon2-1:amd64 0~20190702+dfsg-4build1
2026-05-27 13:38:10 status installed libargon2-1:amd64 0~20190702+dfsg-4build1
2026-05-27 13:38:10 configure libdevmapper1.02.1:amd64 2:1.02.185-3ubuntu3 <none>
2026-05-27 13:38:10 status unpacked libdevmapper1.02.1:amd64 2:1.02.185-3ubuntu3
2026-05-27 13:38:10 status half-configured libdevmapper1.02.1:amd64 2:1.02.185-3ubuntu3
2026-05-27 13:38:10 status installed libdevmapper1.02.1:amd64 2:1.02.185-3ubuntu3
2026-05-27 13:38:10 configure libjson-c5:amd64 0.17-1build1 <none>
2026-05-27 13:38:10 status unpacked libjson-c5:amd64 0.17-1build1
2026-05-27 13:38:10 status half-configured libjson-c5:amd64 0.17-1build1
2026-05-27 13:38:10 status installed libjson-c5:amd64 0.17-1build1
2026-05-27 13:38:10 configure libcryptsetup12:amd64 2:2.7.0-1ubuntu4 <none>
2026-05-27 13:38:10 status unpacked libcryptsetup12:amd64 2:2.7.0-1ubuntu4
2026-05-27 13:38:10 status half-configured libcryptsetup12:amd64 2:2.7.0-1ubuntu4
2026-05-27 13:38:10 status installed libcryptsetup12:amd64 2:2.7.0-1ubuntu4
2026-05-27 13:38:10 configure libfdisk1:amd64 2.39.3-9ubuntu6 <none>
2026-05-27 13:38:10 status unpacked libfdisk1:amd64 2.39.3-9ubuntu6
2026-05-27 13:38:10 status half-configured libfdisk1:amd64 2.39.3-9ubuntu6
2026-05-27 13:38:10 status installed libfdisk1:amd64 2.39.3-9ubuntu6
2026-05-27 13:38:10 configure libkmod2:amd64 31+20240202-2ubuntu7 <none>
2026-05-27 13:38:10 status unpacked libkmod2:amd64 31+20240202-2ubuntu7
2026-05-27 13:38:10 status half-configured libkmod2:amd64 31+20240202-2ubuntu7
2026-05-27 13:38:10 status installed libkmod2:amd64 31+20240202-2ubuntu7
2026-05-27 13:38:10 configure libsystemd-shared:amd64 255.4-1ubuntu8 <none>
2026-05-27 13:38:10 status unpacked libsystemd-shared:amd64 255.4-1ubuntu8
2026-05-27 13:38:10 status half-configured libsystemd-shared:amd64 255.4-1ubuntu8
2026-05-27 13:38:10 status installed libsystemd-shared:amd64 255.4-1ubuntu8
2026-05-27 13:38:10 configure systemd-dev:all 255.4-1ubuntu8 <none>
2026-05-27 13:38:10 status unpacked systemd-dev:all 255.4-1ubuntu8
2026-05-27 13:38:10 status half-configured systemd-dev:all 255.4-1ubuntu8
2026-05-27 13:38:10 status installed systemd-dev:all 255.4-1ubuntu8
2026-05-27 13:38:10 configure systemd:amd64 255.4-1ubuntu8 <none>
2026-05-27 13:38:10 status unpacked systemd:amd64 255.4-1ubuntu8
2026-05-27 13:38:10 status half-configured systemd:amd64 255.4-1ubuntu8
2026-05-27 13:38:10 status installed systemd:amd64 255.4-1ubuntu8
2026-05-27 13:38:10 startup archives unpack
2026-05-27 13:38:10 install systemd-sysv:amd64 <none> 255.4-1ubuntu8
2026-05-27 13:38:10 status half-installed systemd-sysv:amd64 255.4-1ubuntu8
2026-05-27 13:38:10 status unpacked systemd-sysv:amd64 255.4-1ubuntu8
2026-05-27 13:38:10 install adduser:all <none> 3.137ubuntu1
2026-05-27 13:38:10 status half-installed adduser:all 3.137ubuntu1
2026-05-27 13:38:10 status unpacked adduser:all 3.137ubuntu1
2026-05-27 13:38:10 startup packages configure
2026-05-27 13:38:10 configure adduser:all 3.137ubuntu1 <none>
2026-05-27 13:38:10 status unpacked adduser:all 3.137ubuntu1
2026-05-27 13:38:10 status half-configured adduser:all 3.137ubuntu1
2026-05-27 13:38:10 status installed adduser:all 3.137ubuntu1
2026-05-27 13:38:10 startup archives unpack
2026-05-27 13:38:10 install uuid-runtime:amd64 <none> 2.39.3-9ubuntu6
2026-05-27 13:38:10 status half-installed uuid-runtime:amd64 2.39.3-9ubuntu6
2026-05-27 13:38:10 status unpacked uuid-runtime:amd64 2.39.3-9ubuntu6
2026-05-27 13:38:10 install dhcpcd-base:amd64 <none> 1:10.0.6-1ubuntu3
2026-05-27 13:38:10 status half-installed dhcpcd-base:amd64 1:10.0.6-1ubuntu3
2026-05-27 13:38:10 status unpacked dhcpcd-base:amd64 1:10.0.6-1ubuntu3
2026-05-27 13:38:10 install distro-info-data:all <none> 0.60
2026-05-27 13:38:10 status half-installed distro-info-data:all 0.60
2026-05-27 13:38:10 status unpacked distro-info-data:all 0.60
2026-05-27 13:38:10 install dmsetup:amd64 <none> 2:1.02.185-3ubuntu3
2026-05-27 13:38:10 status half-installed dmsetup:amd64 2:1.02.185-3ubuntu3
2026-05-27 13:38:10 status unpacked dmsetup:amd64 2:1.02.185-3ubuntu3
2026-05-27 13:38:10 install eject:amd64 <none> 2.39.3-9ubuntu6
2026-05-27 13:38:10 status half-installed eject:amd64 2.39.3-9ubuntu6
2026-05-27 13:38:10 status unpacked eject:amd64 2.39.3-9ubuntu6
2026-05-27 13:38:10 install iso-codes:all <none> 4.16.0-1
2026-05-27 13:38:10 status half-installed iso-codes:all 4.16.0-1
2026-05-27 13:38:10 status unpacked iso-codes:all 4.16.0-1
2026-05-27 13:38:10 install kmod:amd64 <none> 31+20240202-2ubuntu7
2026-05-27 13:38:10 status half-installed kmod:amd64 31+20240202-2ubuntu7
2026-05-27 13:38:10 status unpacked kmod:amd64 31+20240202-2ubuntu7
2026-05-27 13:38:10 install libkrb5support0:amd64 <none> 1.20.1-6ubuntu2
2026-05-27 13:38:10 status half-installed libkrb5support0:amd64 1.20.1-6ubuntu2
2026-05-27 13:38:10 status unpacked libkrb5support0:amd64 1.20.1-6ubuntu2
2026-05-27 13:38:10 install libk5crypto3:amd64 <none> 1.20.1-6ubuntu2
2026-05-27 13:38:10 status half-installed libk5crypto3:amd64 1.20.1-6ubuntu2
2026-05-27 13:38:10 status unpacked libk5crypto3:amd64 1.20.1-6ubuntu2
2026-05-27 13:38:10 install libkeyutils1:amd64 <none> 1.6.3-3build1
2026-05-27 13:38:10 status half-installed libkeyutils1:amd64 1.6.3-3build1
2026-05-27 13:38:10 status unpacked libkeyutils1:amd64 1.6.3-3build1
2026-05-27 13:38:10 install libkrb5-3:amd64 <none> 1.20.1-6ubuntu2
2026-05-27 13:38:10 status half-installed libkrb5-3:amd64 1.20.1-6ubuntu2
2026-05-27 13:38:10 status unpacked libkrb5-3:amd64 1.20.1-6ubuntu2
2026-05-27 13:38:10 install libgssapi-krb5-2:amd64 <none> 1.20.1-6ubuntu2
2026-05-27 13:38:10 status half-installed libgssapi-krb5-2:amd64 1.20.1-6ubuntu2
2026-05-27 13:38:10 status unpacked libgssapi-krb5-2:amd64 1.20.1-6ubuntu2
2026-05-27 13:38:10 install python-apt-common:all <none> 2.7.7ubuntu1
2026-05-27 13:38:10 status half-installed python-apt-common:all 2.7.7ubuntu1
2026-05-27 13:38:10 status unpacked python-apt-common:all 2.7.7ubuntu1
2026-05-27 13:38:10 install python3-apt:amd64 <none> 2.7.7ubuntu1
2026-05-27 13:38:10 status half-installed python3-apt:amd64 2.7.7ubuntu1
2026-05-27 13:38:10 status unpacked python3-apt:amd64 2.7.7ubuntu1
2026-05-27 13:38:11 install sudo:amd64 <none> 1.9.15p5-3ubuntu5
2026-05-27 13:38:11 status half-installed sudo:amd64 1.9.15p5-3ubuntu5
2026-05-27 13:38:11 status unpacked sudo:amd64 1.9.15p5-3ubuntu5
2026-05-27 13:38:11 install udev:amd64 <none> 255.4-1ubuntu8
2026-05-27 13:38:11 status half-installed udev:amd64 255.4-1ubuntu8
2026-05-27 13:38:11 status unpacked udev:amd64 255.4-1ubuntu8
2026-05-27 13:38:11 install xkb-data:all <none> 2.41-2ubuntu1
2026-05-27 13:38:11 status half-installed xkb-data:all 2.41-2ubuntu1
2026-05-27 13:38:11 status unpacked xkb-data:all 2.41-2ubuntu1
2026-05-27 13:38:11 install cpio:amd64 <none> 2.15+dfsg-1ubuntu2
2026-05-27 13:38:11 status half-installed cpio:amd64 2.15+dfsg-1ubuntu2
2026-05-27 13:38:11 status unpacked cpio:amd64 2.15+dfsg-1ubuntu2
2026-05-27 13:38:11 install libmagic-mgc:amd64 <none> 1:5.45-3build1
2026-05-27 13:38:11 status half-installed libmagic-mgc:amd64 1:5.45-3build1
2026-05-27 13:38:11 status unpacked libmagic-mgc:amd64 1:5.45-3build1
2026-05-27 13:38:11 install libmagic1t64:amd64 <none> 1:5.45-3build1
2026-05-27 13:38:11 status half-installed libmagic1t64:amd64 1:5.45-3build1
2026-05-27 13:38:11 status unpacked libmagic1t64:amd64 1:5.45-3build1
2026-05-27 13:38:11 install file:amd64 <none> 1:5.45-3build1
2026-05-27 13:38:11 status half-installed file:amd64 1:5.45-3build1
2026-05-27 13:38:11 status unpacked file:amd64 1:5.45-3build1
2026-05-27 13:38:11 install gettext-base:amd64 <none> 0.21-14ubuntu2
2026-05-27 13:38:11 status half-installed gettext-base:amd64 0.21-14ubuntu2
2026-05-27 13:38:11 status unpacked gettext-base:amd64 0.21-14ubuntu2
2026-05-27 13:38:11 install libevdev2:amd64 <none> 1.13.1+dfsg-1build1
2026-05-27 13:38:11 status half-installed libevdev2:amd64 1.13.1+dfsg-1build1
2026-05-27 13:38:11 status unpacked libevdev2:amd64 1.13.1+dfsg-1build1
2026-05-27 13:38:11 install libfuse3-3:amd64 <none> 3.14.0-5build1
2026-05-27 13:38:11 status half-installed libfuse3-3:amd64 3.14.0-5build1
2026-05-27 13:38:11 status unpacked libfuse3-3:amd64 3.14.0-5build1
2026-05-27 13:38:11 install libpng16-16t64:amd64 <none> 1.6.43-5build1
2026-05-27 13:38:11 status half-installed libpng16-16t64:amd64 1.6.43-5build1
2026-05-27 13:38:11 status unpacked libpng16-16t64:amd64 1.6.43-5build1
2026-05-27 13:38:11 install libxkbcommon0:amd64 <none> 1.6.0-1build1
2026-05-27 13:38:11 status half-installed libxkbcommon0:amd64 1.6.0-1build1
2026-05-27 13:38:11 status unpacked libxkbcommon0:amd64 1.6.0-1build1
2026-05-27 13:38:11 install libplymouth5:amd64 <none> 24.004.60-1ubuntu7
2026-05-27 13:38:11 status half-installed libplymouth5:amd64 24.004.60-1ubuntu7
2026-05-27 13:38:11 status unpacked libplymouth5:amd64 24.004.60-1ubuntu7
2026-05-27 13:38:11 install xz-utils:amd64 <none> 5.6.1+really5.4.5-1
2026-05-27 13:38:11 status half-installed xz-utils:amd64 5.6.1+really5.4.5-1
2026-05-27 13:38:11 status unpacked xz-utils:amd64 5.6.1+really5.4.5-1
2026-05-27 13:38:11 install bubblewrap:amd64 <none> 0.9.0-1build1
2026-05-27 13:38:11 status half-installed bubblewrap:amd64 0.9.0-1build1
2026-05-27 13:38:11 status unpacked bubblewrap:amd64 0.9.0-1build1
2026-05-27 13:38:11 install busybox-initramfs:amd64 <none> 1:1.36.1-6ubuntu3
2026-05-27 13:38:11 status half-installed busybox-initramfs:amd64 1:1.36.1-6ubuntu3
2026-05-27 13:38:11 status unpacked busybox-initramfs:amd64 1:1.36.1-6ubuntu3
2026-05-27 13:38:11 install libtalloc2:amd64 <none> 2.4.2-1build2
2026-05-27 13:38:11 status half-installed libtalloc2:amd64 2.4.2-1build2
2026-05-27 13:38:11 status unpacked libtalloc2:amd64 2.4.2-1build2
2026-05-27 13:38:11 install libwbclient0:amd64 <none> 2:4.19.5+dfsg-4ubuntu9
2026-05-27 13:38:11 status half-installed libwbclient0:amd64 2:4.19.5+dfsg-4ubuntu9
2026-05-27 13:38:11 status unpacked libwbclient0:amd64 2:4.19.5+dfsg-4ubuntu9
2026-05-27 13:38:11 install cifs-utils:amd64 <none> 2:7.0-2build1
2026-05-27 13:38:11 status half-installed cifs-utils:amd64 2:7.0-2build1
2026-05-27 13:38:11 status unpacked cifs-utils:amd64 2:7.0-2build1
2026-05-27 13:38:11 install dracut-install:amd64 <none> 060+5-1ubuntu3
2026-05-27 13:38:11 status half-installed dracut-install:amd64 060+5-1ubuntu3
2026-05-27 13:38:11 status unpacked dracut-install:amd64 060+5-1ubuntu3
2026-05-27 13:38:11 install fdisk:amd64 <none> 2.39.3-9ubuntu6
2026-05-27 13:38:11 status half-installed fdisk:amd64 2.39.3-9ubuntu6
2026-05-27 13:38:11 status unpacked fdisk:amd64 2.39.3-9ubuntu6
2026-05-27 13:38:11 install finalrd:all <none> 9build1
2026-05-27 13:38:11 status half-installed finalrd:all 9build1
2026-05-27 13:38:11 status unpacked finalrd:all 9build1
2026-05-27 13:38:11 install libefivar1t64:amd64 <none> 38-3.1build1
2026-05-27 13:38:11 status half-installed libefivar1t64:amd64 38-3.1build1
2026-05-27 13:38:11 status unpacked libefivar1t64:amd64 38-3.1build1
2026-05-27 13:38:11 install libefiboot1t64:amd64 <none> 38-3.1build1
2026-05-27 13:38:11 status half-installed libefiboot1t64:amd64 38-3.1build1
2026-05-27 13:38:11 status unpacked libefiboot1t64:amd64 38-3.1build1
2026-05-27 13:38:11 install libbrotli1:amd64 <none> 1.1.0-2build2
2026-05-27 13:38:11 status half-installed libbrotli1:amd64 1.1.0-2build2
2026-05-27 13:38:11 status unpacked libbrotli1:amd64 1.1.0-2build2
2026-05-27 13:38:11 install libfreetype6:amd64 <none> 2.13.2+dfsg-1build3
2026-05-27 13:38:11 status half-installed libfreetype6:amd64 2.13.2+dfsg-1build3
2026-05-27 13:38:11 status unpacked libfreetype6:amd64 2.13.2+dfsg-1build3
2026-05-27 13:38:11 install grub-common:amd64 <none> 2.12-1ubuntu7
2026-05-27 13:38:11 status half-installed grub-common:amd64 2.12-1ubuntu7
2026-05-27 13:38:11 status unpacked grub-common:amd64 2.12-1ubuntu7
2026-05-27 13:38:11 install grub-pc-bin:amd64 <none> 2.12-1ubuntu7
2026-05-27 13:38:11 status half-installed grub-pc-bin:amd64 2.12-1ubuntu7
2026-05-27 13:38:11 status unpacked grub-pc-bin:amd64 2.12-1ubuntu7
2026-05-27 13:38:11 install initramfs-tools-bin:amd64 <none> 0.142ubuntu25
2026-05-27 13:38:11 status half-installed initramfs-tools-bin:amd64 0.142ubuntu25
2026-05-27 13:38:11 status unpacked initramfs-tools-bin:amd64 0.142ubuntu25
2026-05-27 13:38:11 install libklibc:amd64 <none> 2.0.13-4
2026-05-27 13:38:11 status half-installed libklibc:amd64 2.0.13-4
2026-05-27 13:38:11 status unpacked libklibc:amd64 2.0.13-4
2026-05-27 13:38:11 install klibc-utils:amd64 <none> 2.0.13-4
2026-05-27 13:38:11 status half-installed klibc-utils:amd64 2.0.13-4
2026-05-27 13:38:11 status unpacked klibc-utils:amd64 2.0.13-4
2026-05-27 13:38:11 install initramfs-tools-core:all <none> 0.142ubuntu25
2026-05-27 13:38:11 status half-installed initramfs-tools-core:all 0.142ubuntu25
2026-05-27 13:38:11 status unpacked initramfs-tools-core:all 0.142ubuntu25
2026-05-27 13:38:11 install linux-base:all <none> 4.5ubuntu9
2026-05-27 13:38:11 status half-installed linux-base:all 4.5ubuntu9
2026-05-27 13:38:11 status unpacked linux-base:all 4.5ubuntu9
2026-05-27 13:38:11 install initramfs-tools:all <none> 0.142ubuntu25
2026-05-27 13:38:11 status half-installed initramfs-tools:all 0.142ubuntu25
2026-05-27 13:38:11 status unpacked initramfs-tools:all 0.142ubuntu25
2026-05-27 13:38:12 install libgomp1:amd64 <none> 14-20240412-0ubuntu1
2026-05-27 13:38:12 status half-installed libgomp1:amd64 14-20240412-0ubuntu1
2026-05-27 13:38:12 status unpacked libgomp1:amd64 14-20240412-0ubuntu1
2026-05-27 13:38:12 install linux-modules-6.8.0-31-generic:amd64 <none> 6.8.0-31.31
2026-05-27 13:38:12 status half-installed linux-modules-6.8.0-31-generic:amd64 6.8.0-31.31
2026-05-27 13:38:12 status unpacked linux-modules-6.8.0-31-generic:amd64 6.8.0-31.31
2026-05-27 13:38:12 install linux-image-6.8.0-31-generic:amd64 <none> 6.8.0-31.31
2026-05-27 13:38:12 status half-installed linux-image-6.8.0-31-generic:amd64 6.8.0-31.31
2026-05-27 13:38:12 status unpacked linux-image-6.8.0-31-generic:amd64 6.8.0-31.31
2026-05-27 13:38:12 install localechooser-data:all <none> 2.89ubuntu6
2026-05-27 13:38:12 status half-installed localechooser-data:all 2.89ubuntu6
2026-05-27 13:38:12 status unpacked localechooser-data:all 2.89ubuntu6
2026-05-27 13:38:12 install user-setup:all <none> 1.95ubuntu1
2026-05-27 13:38:12 status half-installed user-setup:all 1.95ubuntu1
2026-05-27 13:38:12 status unpacked user-setup:all 1.95ubuntu1
2026-05-27 13:38:12 install casper:amd64 <none> 1.498
2026-05-27 13:38:12 status half-installed casper:amd64 1.498
2026-05-27 13:38:12 status unpacked casper:amd64 1.498
2026-05-27 13:38:12 startup packages configure
2026-05-27 13:38:12 configure media-types:all 10.1.0 <none>
2026-05-27 13:38:12 status unpacked media-types:all 10.1.0
2026-05-27 13:38:12 status half-configured media-types:all 10.1.0
2026-05-27 13:38:12 status installed media-types:all 10.1.0
2026-05-27 13:38:12 configure cpio:amd64 2.15+dfsg-1ubuntu2 <none>
2026-05-27 13:38:12 status unpacked cpio:amd64 2.15+dfsg-1ubuntu2
2026-05-27 13:38:12 status half-configured cpio:amd64 2.15+dfsg-1ubuntu2
2026-05-27 13:38:12 status installed cpio:amd64 2.15+dfsg-1ubuntu2
2026-05-27 13:38:12 configure bubblewrap:amd64 0.9.0-1build1 <none>
2026-05-27 13:38:12 status unpacked bubblewrap:amd64 0.9.0-1build1
2026-05-27 13:38:12 status half-configured bubblewrap:amd64 0.9.0-1build1
2026-05-27 13:38:12 status installed bubblewrap:amd64 0.9.0-1build1
2026-05-27 13:38:12 configure systemd-sysv:amd64 255.4-1ubuntu8 <none>
2026-05-27 13:38:12 status unpacked systemd-sysv:amd64 255.4-1ubuntu8
2026-05-27 13:38:12 status half-configured systemd-sysv:amd64 255.4-1ubuntu8
2026-05-27 13:38:12 status installed systemd-sysv:amd64 255.4-1ubuntu8
2026-05-27 13:38:12 configure libkeyutils1:amd64 1.6.3-3build1 <none>
2026-05-27 13:38:12 status unpacked libkeyutils1:amd64 1.6.3-3build1
2026-05-27 13:38:12 status half-configured libkeyutils1:amd64 1.6.3-3build1
2026-05-27 13:38:12 status installed libkeyutils1:amd64 1.6.3-3build1
2026-05-27 13:38:12 configure linux-base:all 4.5ubuntu9 <none>
2026-05-27 13:38:12 status unpacked linux-base:all 4.5ubuntu9
2026-05-27 13:38:12 status half-configured linux-base:all 4.5ubuntu9
2026-05-27 13:38:12 status installed linux-base:all 4.5ubuntu9
2026-05-27 13:38:12 configure libmagic-mgc:amd64 1:5.45-3build1 <none>
2026-05-27 13:38:12 status unpacked libmagic-mgc:amd64 1:5.45-3build1
2026-05-27 13:38:12 status half-configured libmagic-mgc:amd64 1:5.45-3build1
2026-05-27 13:38:12 status installed libmagic-mgc:amd64 1:5.45-3build1
2026-05-27 13:38:12 configure distro-info-data:all 0.60 <none>
2026-05-27 13:38:12 status unpacked distro-info-data:all 0.60
2026-05-27 13:38:12 status half-configured distro-info-data:all 0.60
2026-05-27 13:38:12 status installed distro-info-data:all 0.60
2026-05-27 13:38:12 configure libefivar1t64:amd64 38-3.1build1 <none>
2026-05-27 13:38:12 status unpacked libefivar1t64:amd64 38-3.1build1
2026-05-27 13:38:12 status half-configured libefivar1t64:amd64 38-3.1build1
2026-05-27 13:38:12 status installed libefivar1t64:amd64 38-3.1build1
2026-05-27 13:38:12 configure libbrotli1:amd64 1.1.0-2build2 <none>
2026-05-27 13:38:12 status unpacked libbrotli1:amd64 1.1.0-2build2
2026-05-27 13:38:12 status half-configured libbrotli1:amd64 1.1.0-2build2
2026-05-27 13:38:12 status installed libbrotli1:amd64 1.1.0-2build2
2026-05-27 13:38:12 configure libsqlite3-0:amd64 3.45.1-1ubuntu2 <none>
2026-05-27 13:38:12 status unpacked libsqlite3-0:amd64 3.45.1-1ubuntu2
2026-05-27 13:38:12 status half-configured libsqlite3-0:amd64 3.45.1-1ubuntu2
2026-05-27 13:38:12 status installed libsqlite3-0:amd64 3.45.1-1ubuntu2
2026-05-27 13:38:12 configure libmagic1t64:amd64 1:5.45-3build1 <none>
2026-05-27 13:38:12 status unpacked libmagic1t64:amd64 1:5.45-3build1
2026-05-27 13:38:12 status half-configured libmagic1t64:amd64 1:5.45-3build1
2026-05-27 13:38:12 status installed libmagic1t64:amd64 1:5.45-3build1
2026-05-27 13:38:12 configure gettext-base:amd64 0.21-14ubuntu2 <none>
2026-05-27 13:38:12 status unpacked gettext-base:amd64 0.21-14ubuntu2
2026-05-27 13:38:12 status half-configured gettext-base:amd64 0.21-14ubuntu2
2026-05-27 13:38:12 status installed gettext-base:amd64 0.21-14ubuntu2
2026-05-27 13:38:12 configure xkb-data:all 2.41-2ubuntu1 <none>
2026-05-27 13:38:12 status unpacked xkb-data:all 2.41-2ubuntu1
2026-05-27 13:38:12 status half-configured xkb-data:all 2.41-2ubuntu1
2026-05-27 13:38:12 status installed xkb-data:all 2.41-2ubuntu1
2026-05-27 13:38:12 configure file:amd64 1:5.45-3build1 <none>
2026-05-27 13:38:12 status unpacked file:amd64 1:5.45-3build1
2026-05-27 13:38:12 status half-configured file:amd64 1:5.45-3build1
2026-05-27 13:38:12 status installed file:amd64 1:5.45-3build1
2026-05-27 13:38:12 configure kmod:amd64 31+20240202-2ubuntu7 <none>
2026-05-27 13:38:12 status unpacked kmod:amd64 31+20240202-2ubuntu7
2026-05-27 13:38:12 status half-configured kmod:amd64 31+20240202-2ubuntu7
2026-05-27 13:38:12 status installed kmod:amd64 31+20240202-2ubuntu7
2026-05-27 13:38:12 configure libgomp1:amd64 14-20240412-0ubuntu1 <none>
2026-05-27 13:38:12 status unpacked libgomp1:amd64 14-20240412-0ubuntu1
2026-05-27 13:38:12 status half-configured libgomp1:amd64 14-20240412-0ubuntu1
2026-05-27 13:38:12 status installed libgomp1:amd64 14-20240412-0ubuntu1
2026-05-27 13:38:12 configure finalrd:all 9build1 <none>
2026-05-27 13:38:12 status unpacked finalrd:all 9build1
2026-05-27 13:38:12 status half-configured finalrd:all 9build1
2026-05-27 13:38:12 status installed finalrd:all 9build1
2026-05-27 13:38:12 configure libwbclient0:amd64 2:4.19.5+dfsg-4ubuntu9 <none>
2026-05-27 13:38:12 status unpacked libwbclient0:amd64 2:4.19.5+dfsg-4ubuntu9
2026-05-27 13:38:12 status half-configured libwbclient0:amd64 2:4.19.5+dfsg-4ubuntu9
2026-05-27 13:38:12 status installed libwbclient0:amd64 2:4.19.5+dfsg-4ubuntu9
2026-05-27 13:38:12 configure libkrb5support0:amd64 1.20.1-6ubuntu2 <none>
2026-05-27 13:38:12 status unpacked libkrb5support0:amd64 1.20.1-6ubuntu2
2026-05-27 13:38:12 status half-configured libkrb5support0:amd64 1.20.1-6ubuntu2
2026-05-27 13:38:12 status installed libkrb5support0:amd64 1.20.1-6ubuntu2
2026-05-27 13:38:12 configure tzdata:all 2024a-2ubuntu1 <none>
2026-05-27 13:38:12 status unpacked tzdata:all 2024a-2ubuntu1
2026-05-27 13:38:12 status half-configured tzdata:all 2024a-2ubuntu1
2026-05-27 13:38:12 status installed tzdata:all 2024a-2ubuntu1
2026-05-27 13:38:12 configure libtalloc2:amd64 2.4.2-1build2 <none>
2026-05-27 13:38:12 status unpacked libtalloc2:amd64 2.4.2-1build2
2026-05-27 13:38:12 status half-configured libtalloc2:amd64 2.4.2-1build2
2026-05-27 13:38:12 status installed libtalloc2:amd64 2.4.2-1build2
2026-05-27 13:38:12 configure eject:amd64 2.39.3-9ubuntu6 <none>
2026-05-27 13:38:12 status unpacked eject:amd64 2.39.3-9ubuntu6
2026-05-27 13:38:12 status half-configured eject:amd64 2.39.3-9ubuntu6
2026-05-27 13:38:12 status installed eject:amd64 2.39.3-9ubuntu6
2026-05-27 13:38:12 configure linux-modules-6.8.0-31-generic:amd64 6.8.0-31.31 <none>
2026-05-27 13:38:12 status unpacked linux-modules-6.8.0-31-generic:amd64 6.8.0-31.31
2026-05-27 13:38:12 status half-configured linux-modules-6.8.0-31-generic:amd64 6.8.0-31.31
2026-05-27 13:38:13 status installed linux-modules-6.8.0-31-generic:amd64 6.8.0-31.31
2026-05-27 13:38:13 configure libklibc:amd64 2.0.13-4 <none>
2026-05-27 13:38:13 status unpacked libklibc:amd64 2.0.13-4
2026-05-27 13:38:13 status half-configured libklibc:amd64 2.0.13-4
2026-05-27 13:38:13 status installed libklibc:amd64 2.0.13-4
2026-05-27 13:38:13 configure xz-utils:amd64 5.6.1+really5.4.5-1 <none>
2026-05-27 13:38:13 status unpacked xz-utils:amd64 5.6.1+really5.4.5-1
2026-05-27 13:38:13 status half-configured xz-utils:amd64 5.6.1+really5.4.5-1
2026-05-27 13:38:13 status installed xz-utils:amd64 5.6.1+really5.4.5-1
2026-05-27 13:38:13 configure libpng16-16t64:amd64 1.6.43-5build1 <none>
2026-05-27 13:38:13 status unpacked libpng16-16t64:amd64 1.6.43-5build1
2026-05-27 13:38:13 status half-configured libpng16-16t64:amd64 1.6.43-5build1
2026-05-27 13:38:13 status installed libpng16-16t64:amd64 1.6.43-5build1
2026-05-27 13:38:13 configure udev:amd64 255.4-1ubuntu8 <none>
2026-05-27 13:38:13 status unpacked udev:amd64 255.4-1ubuntu8
2026-05-27 13:38:13 status half-configured udev:amd64 255.4-1ubuntu8
2026-05-27 13:38:13 status installed udev:amd64 255.4-1ubuntu8
2026-05-27 13:38:13 configure sudo:amd64 1.9.15p5-3ubuntu5 <none>
2026-05-27 13:38:13 status unpacked sudo:amd64 1.9.15p5-3ubuntu5
2026-05-27 13:38:13 status half-configured sudo:amd64 1.9.15p5-3ubuntu5
2026-05-27 13:38:13 status installed sudo:amd64 1.9.15p5-3ubuntu5
2026-05-27 13:38:13 configure dhcpcd-base:amd64 1:10.0.6-1ubuntu3 <none>
2026-05-27 13:38:13 status unpacked dhcpcd-base:amd64 1:10.0.6-1ubuntu3
2026-05-27 13:38:13 status half-configured dhcpcd-base:amd64 1:10.0.6-1ubuntu3
2026-05-27 13:38:13 status installed dhcpcd-base:amd64 1:10.0.6-1ubuntu3
2026-05-27 13:38:13 configure libk5crypto3:amd64 1.20.1-6ubuntu2 <none>
2026-05-27 13:38:13 status unpacked libk5crypto3:amd64 1.20.1-6ubuntu2
2026-05-27 13:38:13 status half-configured libk5crypto3:amd64 1.20.1-6ubuntu2
2026-05-27 13:38:13 status installed libk5crypto3:amd64 1.20.1-6ubuntu2
2026-05-27 13:38:13 configure libfuse3-3:amd64 3.14.0-5build1 <none>
2026-05-27 13:38:13 status unpacked libfuse3-3:amd64 3.14.0-5build1
2026-05-27 13:38:13 status half-configured libfuse3-3:amd64 3.14.0-5build1
2026-05-27 13:38:13 status installed libfuse3-3:amd64 3.14.0-5build1
2026-05-27 13:38:13 configure busybox-initramfs:amd64 1:1.36.1-6ubuntu3 <none>
2026-05-27 13:38:13 status unpacked busybox-initramfs:amd64 1:1.36.1-6ubuntu3
2026-05-27 13:38:13 status half-configured busybox-initramfs:amd64 1:1.36.1-6ubuntu3
2026-05-27 13:38:13 status installed busybox-initramfs:amd64 1:1.36.1-6ubuntu3
2026-05-27 13:38:13 configure linux-image-6.8.0-31-generic:amd64 6.8.0-31.31 <none>
2026-05-27 13:38:13 status unpacked linux-image-6.8.0-31-generic:amd64 6.8.0-31.31
2026-05-27 13:38:13 status half-configured linux-image-6.8.0-31-generic:amd64 6.8.0-31.31
2026-05-27 13:38:14 status installed linux-image-6.8.0-31-generic:amd64 6.8.0-31.31
2026-05-27 13:38:14 status triggers-pending linux-image-6.8.0-31-generic:amd64 6.8.0-31.31
2026-05-27 13:38:14 configure libdb5.3t64:amd64 5.3.28+dfsg2-7 <none>
2026-05-27 13:38:14 status unpacked libdb5.3t64:amd64 5.3.28+dfsg2-7
2026-05-27 13:38:14 status half-configured libdb5.3t64:amd64 5.3.28+dfsg2-7
2026-05-27 13:38:14 status installed libdb5.3t64:amd64 5.3.28+dfsg2-7
2026-05-27 13:38:14 configure python-apt-common:all 2.7.7ubuntu1 <none>
2026-05-27 13:38:14 status unpacked python-apt-common:all 2.7.7ubuntu1
2026-05-27 13:38:14 status half-configured python-apt-common:all 2.7.7ubuntu1
2026-05-27 13:38:14 status installed python-apt-common:all 2.7.7ubuntu1
2026-05-27 13:38:14 configure dracut-install:amd64 060+5-1ubuntu3 <none>
2026-05-27 13:38:14 status unpacked dracut-install:amd64 060+5-1ubuntu3
2026-05-27 13:38:14 status half-configured dracut-install:amd64 060+5-1ubuntu3
2026-05-27 13:38:14 status installed dracut-install:amd64 060+5-1ubuntu3
2026-05-27 13:38:14 configure dmsetup:amd64 2:1.02.185-3ubuntu3 <none>
2026-05-27 13:38:14 status unpacked dmsetup:amd64 2:1.02.185-3ubuntu3
2026-05-27 13:38:14 status half-configured dmsetup:amd64 2:1.02.185-3ubuntu3
2026-05-27 13:38:14 status installed dmsetup:amd64 2:1.02.185-3ubuntu3
2026-05-27 13:38:14 configure uuid-runtime:amd64 2.39.3-9ubuntu6 <none>
2026-05-27 13:38:14 status unpacked uuid-runtime:amd64 2.39.3-9ubuntu6
2026-05-27 13:38:14 status half-configured uuid-runtime:amd64 2.39.3-9ubuntu6
2026-05-27 13:38:14 status installed uuid-runtime:amd64 2.39.3-9ubuntu6
2026-05-27 13:38:14 configure libefiboot1t64:amd64 38-3.1build1 <none>
2026-05-27 13:38:14 status unpacked libefiboot1t64:amd64 38-3.1build1
2026-05-27 13:38:14 status half-configured libefiboot1t64:amd64 38-3.1build1
2026-05-27 13:38:14 status installed libefiboot1t64:amd64 38-3.1build1
2026-05-27 13:38:14 configure netbase:all 6.4 <none>
2026-05-27 13:38:14 status unpacked netbase:all 6.4
2026-05-27 13:38:14 status half-configured netbase:all 6.4
2026-05-27 13:38:14 status installed netbase:all 6.4
2026-05-27 13:38:14 configure libkrb5-3:amd64 1.20.1-6ubuntu2 <none>
2026-05-27 13:38:14 status unpacked libkrb5-3:amd64 1.20.1-6ubuntu2
2026-05-27 13:38:14 status half-configured libkrb5-3:amd64 1.20.1-6ubuntu2
2026-05-27 13:38:14 status installed libkrb5-3:amd64 1.20.1-6ubuntu2
2026-05-27 13:38:14 configure user-setup:all 1.95ubuntu1 <none>
2026-05-27 13:38:14 status unpacked user-setup:all 1.95ubuntu1
2026-05-27 13:38:14 status half-configured user-setup:all 1.95ubuntu1
2026-05-27 13:38:14 status installed user-setup:all 1.95ubuntu1
2026-05-27 13:38:14 configure klibc-utils:amd64 2.0.13-4 <none>
2026-05-27 13:38:14 status unpacked klibc-utils:amd64 2.0.13-4
2026-05-27 13:38:14 status half-configured klibc-utils:amd64 2.0.13-4
2026-05-27 13:38:14 status installed klibc-utils:amd64 2.0.13-4
2026-05-27 13:38:14 configure libevdev2:amd64 1.13.1+dfsg-1build1 <none>
2026-05-27 13:38:14 status unpacked libevdev2:amd64 1.13.1+dfsg-1build1
2026-05-27 13:38:14 status half-configured libevdev2:amd64 1.13.1+dfsg-1build1
2026-05-27 13:38:14 status installed libevdev2:amd64 1.13.1+dfsg-1build1
2026-05-27 13:38:14 configure readline-common:all 8.2-4build1 <none>
2026-05-27 13:38:14 status unpacked readline-common:all 8.2-4build1
2026-05-27 13:38:14 status half-configured readline-common:all 8.2-4build1
2026-05-27 13:38:14 status installed readline-common:all 8.2-4build1
2026-05-27 13:38:14 configure iso-codes:all 4.16.0-1 <none>
2026-05-27 13:38:14 status unpacked iso-codes:all 4.16.0-1
2026-05-27 13:38:14 status half-configured iso-codes:all 4.16.0-1
2026-05-27 13:38:14 status installed iso-codes:all 4.16.0-1
2026-05-27 13:38:14 configure initramfs-tools-bin:amd64 0.142ubuntu25 <none>
2026-05-27 13:38:14 status unpacked initramfs-tools-bin:amd64 0.142ubuntu25
2026-05-27 13:38:14 status half-configured initramfs-tools-bin:amd64 0.142ubuntu25
2026-05-27 13:38:14 status installed initramfs-tools-bin:amd64 0.142ubuntu25
2026-05-27 13:38:14 configure libxkbcommon0:amd64 1.6.0-1build1 <none>
2026-05-27 13:38:14 status unpacked libxkbcommon0:amd64 1.6.0-1build1
2026-05-27 13:38:14 status half-configured libxkbcommon0:amd64 1.6.0-1build1
2026-05-27 13:38:14 status installed libxkbcommon0:amd64 1.6.0-1build1
2026-05-27 13:38:14 configure libfreetype6:amd64 2.13.2+dfsg-1build3 <none>
2026-05-27 13:38:14 status unpacked libfreetype6:amd64 2.13.2+dfsg-1build3
2026-05-27 13:38:14 status half-configured libfreetype6:amd64 2.13.2+dfsg-1build3
2026-05-27 13:38:14 status installed libfreetype6:amd64 2.13.2+dfsg-1build3
2026-05-27 13:38:14 configure libgssapi-krb5-2:amd64 1.20.1-6ubuntu2 <none>
2026-05-27 13:38:14 status unpacked libgssapi-krb5-2:amd64 1.20.1-6ubuntu2
2026-05-27 13:38:14 status half-configured libgssapi-krb5-2:amd64 1.20.1-6ubuntu2
2026-05-27 13:38:14 status installed libgssapi-krb5-2:amd64 1.20.1-6ubuntu2
2026-05-27 13:38:14 configure libreadline8t64:amd64 8.2-4build1 <none>
2026-05-27 13:38:14 status unpacked libreadline8t64:amd64 8.2-4build1
2026-05-27 13:38:14 status half-configured libreadline8t64:amd64 8.2-4build1
2026-05-27 13:38:14 status installed libreadline8t64:amd64 8.2-4build1
2026-05-27 13:38:14 configure libplymouth5:amd64 24.004.60-1ubuntu7 <none>
2026-05-27 13:38:14 status unpacked libplymouth5:amd64 24.004.60-1ubuntu7
2026-05-27 13:38:14 status half-configured libplymouth5:amd64 24.004.60-1ubuntu7
2026-05-27 13:38:14 status installed libplymouth5:amd64 24.004.60-1ubuntu7
2026-05-27 13:38:14 configure localechooser-data:all 2.89ubuntu6 <none>
2026-05-27 13:38:14 status unpacked localechooser-data:all 2.89ubuntu6
2026-05-27 13:38:14 status half-configured localechooser-data:all 2.89ubuntu6
2026-05-27 13:38:14 status installed localechooser-data:all 2.89ubuntu6
2026-05-27 13:38:14 configure initramfs-tools-core:all 0.142ubuntu25 <none>
2026-05-27 13:38:14 status unpacked initramfs-tools-core:all 0.142ubuntu25
2026-05-27 13:38:14 status half-configured initramfs-tools-core:all 0.142ubuntu25
2026-05-27 13:38:14 status installed initramfs-tools-core:all 0.142ubuntu25
2026-05-27 13:38:14 configure libpython3.12-stdlib:amd64 3.12.3-1 <none>
2026-05-27 13:38:14 status unpacked libpython3.12-stdlib:amd64 3.12.3-1
2026-05-27 13:38:14 status half-configured libpython3.12-stdlib:amd64 3.12.3-1
2026-05-27 13:38:14 status installed libpython3.12-stdlib:amd64 3.12.3-1
2026-05-27 13:38:14 configure initramfs-tools:all 0.142ubuntu25 <none>
2026-05-27 13:38:14 status unpacked initramfs-tools:all 0.142ubuntu25
2026-05-27 13:38:14 status half-configured initramfs-tools:all 0.142ubuntu25
2026-05-27 13:38:14 status installed initramfs-tools:all 0.142ubuntu25
2026-05-27 13:38:14 status triggers-pending initramfs-tools:all 0.142ubuntu25
2026-05-27 13:38:14 configure python3.12:amd64 3.12.3-1 <none>
2026-05-27 13:38:14 status unpacked python3.12:amd64 3.12.3-1
2026-05-27 13:38:14 status half-configured python3.12:amd64 3.12.3-1
2026-05-27 13:38:15 status installed python3.12:amd64 3.12.3-1
2026-05-27 13:38:15 configure fdisk:amd64 2.39.3-9ubuntu6 <none>
2026-05-27 13:38:15 status unpacked fdisk:amd64 2.39.3-9ubuntu6
2026-05-27 13:38:15 status half-configured fdisk:amd64 2.39.3-9ubuntu6
2026-05-27 13:38:15 status installed fdisk:amd64 2.39.3-9ubuntu6
2026-05-27 13:38:15 configure libpython3-stdlib:amd64 3.12.3-0ubuntu1 <none>
2026-05-27 13:38:15 status unpacked libpython3-stdlib:amd64 3.12.3-0ubuntu1
2026-05-27 13:38:15 status half-configured libpython3-stdlib:amd64 3.12.3-0ubuntu1
2026-05-27 13:38:15 status installed libpython3-stdlib:amd64 3.12.3-0ubuntu1
2026-05-27 13:38:15 configure python3:amd64 3.12.3-0ubuntu1 <none>
2026-05-27 13:38:15 status unpacked python3:amd64 3.12.3-0ubuntu1
2026-05-27 13:38:15 status half-configured python3:amd64 3.12.3-0ubuntu1
2026-05-27 13:38:15 status installed python3:amd64 3.12.3-0ubuntu1
2026-05-27 13:38:15 configure python3-apt:amd64 2.7.7ubuntu1 <none>
2026-05-27 13:38:15 status unpacked python3-apt:amd64 2.7.7ubuntu1
2026-05-27 13:38:15 status half-configured python3-apt:amd64 2.7.7ubuntu1
2026-05-27 13:38:15 status installed python3-apt:amd64 2.7.7ubuntu1
2026-05-27 13:38:15 configure cifs-utils:amd64 2:7.0-2build1 <none>
2026-05-27 13:38:15 status unpacked cifs-utils:amd64 2:7.0-2build1
2026-05-27 13:38:15 status half-configured cifs-utils:amd64 2:7.0-2build1
2026-05-27 13:38:15 status installed cifs-utils:amd64 2:7.0-2build1
2026-05-27 13:38:15 configure casper:amd64 1.498 <none>
2026-05-27 13:38:15 status unpacked casper:amd64 1.498
2026-05-27 13:38:15 status half-configured casper:amd64 1.498
2026-05-27 13:38:16 status installed casper:amd64 1.498
2026-05-27 13:38:16 configure grub-common:amd64 2.12-1ubuntu7 <none>
2026-05-27 13:38:16 status unpacked grub-common:amd64 2.12-1ubuntu7
2026-05-27 13:38:16 status half-configured grub-common:amd64 2.12-1ubuntu7
2026-05-27 13:38:16 status installed grub-common:amd64 2.12-1ubuntu7
2026-05-27 13:38:16 configure grub-pc-bin:amd64 2.12-1ubuntu7 <none>
2026-05-27 13:38:16 status unpacked grub-pc-bin:amd64 2.12-1ubuntu7
2026-05-27 13:38:16 status half-configured grub-pc-bin:amd64 2.12-1ubuntu7
2026-05-27 13:38:16 status installed grub-pc-bin:amd64 2.12-1ubuntu7
2026-05-27 13:38:16 trigproc libc-bin:amd64 2.39-0ubuntu8 <none>
2026-05-27 13:38:16 status half-configured libc-bin:amd64 2.39-0ubuntu8
2026-05-27 13:38:16 status installed libc-bin:amd64 2.39-0ubuntu8
2026-05-27 13:38:16 trigproc linux-image-6.8.0-31-generic:amd64 6.8.0-31.31 <none>
2026-05-27 13:38:16 status half-configured linux-image-6.8.0-31-generic:amd64 6.8.0-31.31
2026-05-27 13:38:19 status installed linux-image-6.8.0-31-generic:amd64 6.8.0-31.31
2026-05-27 13:38:19 trigproc initramfs-tools:all 0.142ubuntu25 <none>
2026-05-27 13:38:19 status half-configured initramfs-tools:all 0.142ubuntu25
2026-05-27 13:38:23 status installed initramfs-tools:all 0.142ubuntu25
